Command line invocation:
    /Applications/Xcode.app/Contents/Developer/usr/bin/xcodebuild -workspace /Users/macbook/Desktop/ads/driver/ios/driver.xcworkspace -configuration Debug -scheme driver -destination id=E0E2680C-5774-4819-BF87-EFC4CED215C1

User defaults from command line:
    IDEPackageSupportUseBuiltinSCM = YES

note: Using new build system
note: Planning
Analyze workspace

Create build description
Build description signature: feab63c26e92df73043feafc0d8124bb
Build description path: /Users/macbook/Library/Developer/Xcode/DerivedData/driver-ceoixeulcbtkadctipreagukrovd/Build/Intermediates.noindex/XCBuildData/feab63c26e92df73043feafc0d8124bb-desc.xcbuild

note: Build preparation complete
note: Building targets in dependency order
PhaseScriptExecution [CP-User]\ Generate\ app.config\ for\ prebuilt\ Constants.manifest /Users/macbook/Library/Developer/Xcode/DerivedData/driver-ceoixeulcbtkadctipreagukrovd/Build/Intermediates.noindex/Pods.build/Debug-iphonesimulator/EXConstants.build/Script-46EB2E00012910.sh (in target 'EXConstants' from project 'Pods')
    cd /Users/macbook/Desktop/ads/driver/ios/Pods
    export ACTION\=build
    export AD_HOC_CODE_SIGNING_ALLOWED\=YES
    export ALLOW_TARGET_PLATFORM_SPECIALIZATION\=NO
    export ALTERNATE_GROUP\=staff
    export ALTERNATE_MODE\=u+w,go-w,a+rX
    export ALTERNATE_OWNER\=macbook
    export ALWAYS_EMBED_SWIFT_STANDARD_LIBRARIES\=NO
    export ALWAYS_SEARCH_USER_PATHS\=NO
    export ALWAYS_USE_SEPARATE_HEADERMAPS\=NO
    export APPLE_INTERNAL_DEVELOPER_DIR\=/AppleInternal/Developer
    export APPLE_INTERNAL_DIR\=/AppleInternal
    export APPLE_INTERNAL_DOCUMENTATION_DIR\=/AppleInternal/Documentation
    export APPLE_INTERNAL_LIBRARY_DIR\=/AppleInternal/Library
    export APPLE_INTERNAL_TOOLS\=/AppleInternal/Developer/Tools
    export APPLICATION_EXTENSION_API_ONLY\=NO
    export APPLY_RULES_IN_COPY_FILES\=NO
    export APPLY_RULES_IN_COPY_HEADERS\=NO
    export ARCHS\=x86_64
    export ARCHS_STANDARD\=arm64\ x86_64
    export ARCHS_STANDARD_32_64_BIT\=arm64\ i386\ x86_64
    export ARCHS_STANDARD_32_BIT\=i386
    export ARCHS_STANDARD_64_BIT\=arm64\ x86_64
    export ARCHS_STANDARD_INCLUDING_64_BIT\=arm64\ x86_64
    export ARCHS_UNIVERSAL_IPHONE_OS\=arm64\ i386\ x86_64
    export ASSETCATALOG_FILTER_FOR_DEVICE_MODEL\=iPhone14,2
    export ASSETCATALOG_FILTER_FOR_DEVICE_OS_VERSION\=15.2
    export AVAILABLE_PLATFORMS\=appletvos\ appletvsimulator\ driverkit\ iphoneos\ iphonesimulator\ macosx\ watchos\ watchsimulator
    export BITCODE_GENERATION_MODE\=marker
    export BUILD_ACTIVE_RESOURCES_ONLY\=YES
    export BUILD_COMPONENTS\=headers\ build
    export BUILD_DIR\=/Users/macbook/Library/Developer/Xcode/DerivedData/driver-ceoixeulcbtkadctipreagukrovd/Build/Products
    export BUILD_LIBRARY_FOR_DISTRIBUTION\=NO
    export BUILD_ROOT\=/Users/macbook/Library/Developer/Xcode/DerivedData/driver-ceoixeulcbtkadctipreagukrovd/Build/Products
    export BUILD_STYLE\=
    export BUILD_VARIANTS\=normal
    export BUILT_PRODUCTS_DIR\=/Users/macbook/Library/Developer/Xcode/DerivedData/driver-ceoixeulcbtkadctipreagukrovd/Build/Products/Debug-iphonesimulator/EXConstants
    export BUNDLE_CONTENTS_FOLDER_PATH_deep\=Contents/
    export BUNDLE_EXECUTABLE_FOLDER_NAME_deep\=MacOS
    export BUNDLE_FORMAT\=shallow
    export BUNDLE_FRAMEWORKS_FOLDER_PATH\=Frameworks
    export BUNDLE_PLUGINS_FOLDER_PATH\=PlugIns
    export BUNDLE_PRIVATE_HEADERS_FOLDER_PATH\=PrivateHeaders
    export BUNDLE_PUBLIC_HEADERS_FOLDER_PATH\=Headers
    export CACHE_ROOT\=/var/folders/65/0404xl593rnb2m2ywp15njfr0000gn/C/com.apple.DeveloperTools/13.2.1-13C100/Xcode
    export CCHROOT\=/var/folders/65/0404xl593rnb2m2ywp15njfr0000gn/C/com.apple.DeveloperTools/13.2.1-13C100/Xcode
    export CHMOD\=/bin/chmod
    export CHOWN\=/usr/sbin/chown
    export CLANG_ANALYZER_LOCALIZABILITY_NONLOCALIZED\=YES
    export CLANG_ANALYZER_NONNULL\=YES
    export CLANG_ANALYZER_NUMBER_OBJECT_CONVERSION\=YES_AGGRESSIVE
    export CLANG_CXX_LANGUAGE_STANDARD\=gnu++14
    export CLANG_CXX_LIBRARY\=libc++
    export CLANG_ENABLE_MODULES\=YES
    export CLANG_ENABLE_MODULE_DEBUGGING\=NO
    export CLANG_ENABLE_OBJC_ARC\=YES
    export CLANG_ENABLE_OBJC_WEAK\=NO
    export CLANG_MODULES_BUILD_SESSION_FILE\=/Users/macbook/Library/Developer/Xcode/DerivedData/ModuleCache.noindex/Session.modulevalidation
    export CLANG_WARN_BLOCK_CAPTURE_AUTORELEASING\=YES
    export CLANG_WARN_BOOL_CONVERSION\=YES
    export CLANG_WARN_COMMA\=YES
    export CLANG_WARN_CONSTANT_CONVERSION\=YES
    export CLANG_WARN_DEPRECATED_OBJC_IMPLEMENTATIONS\=YES
    export CLANG_WARN_DIRECT_OBJC_ISA_USAGE\=YES_ERROR
    export CLANG_WARN_DOCUMENTATION_COMMENTS\=YES
    export CLANG_WARN_EMPTY_BODY\=YES
    export CLANG_WARN_ENUM_CONVERSION\=YES
    export CLANG_WARN_INFINITE_RECURSION\=YES
    export CLANG_WARN_INT_CONVERSION\=YES
    export CLANG_WARN_NON_LITERAL_NULL_CONVERSION\=YES
    export CLANG_WARN_OBJC_IMPLICIT_RETAIN_SELF\=YES
    export CLANG_WARN_OBJC_LITERAL_CONVERSION\=YES
    export CLANG_WARN_OBJC_ROOT_CLASS\=YES_ERROR
    export CLANG_WARN_QUOTED_INCLUDE_IN_FRAMEWORK_HEADER\=NO
    export CLANG_WARN_RANGE_LOOP_ANALYSIS\=YES
    export CLANG_WARN_STRICT_PROTOTYPES\=YES
    export CLANG_WARN_SUSPICIOUS_MOVE\=YES
    export CLANG_WARN_UNGUARDED_AVAILABILITY\=YES_AGGRESSIVE
    export CLANG_WARN_UNREACHABLE_CODE\=YES
    export CLANG_WARN__DUPLICATE_METHOD_MATCH\=YES
    export CLASS_FILE_DIR\=/Users/macbook/Library/Developer/Xcode/DerivedData/driver-ceoixeulcbtkadctipreagukrovd/Build/Intermediates.noindex/Pods.build/Debug-iphonesimulator/EXConstants.build/JavaClasses
    export CLEAN_PRECOMPS\=YES
    export CLONE_HEADERS\=NO
    export CODESIGNING_FOLDER_PATH\=/Users/macbook/Library/Developer/Xcode/DerivedData/driver-ceoixeulcbtkadctipreagukrovd/Build/Products/Debug-iphonesimulator/EXConstants/libEXConstants.a
    export CODE_SIGNING_ALLOWED\=NO
    export CODE_SIGNING_REQUIRED\=YES
    export CODE_SIGN_CONTEXT_CLASS\=XCiPhoneSimulatorCodeSignContext
    export CODE_SIGN_IDENTITY\=-
    export CODE_SIGN_INJECT_BASE_ENTITLEMENTS\=YES
    export COLOR_DIAGNOSTICS\=NO
    export COMBINE_HIDPI_IMAGES\=NO
    export COMPILER_INDEX_STORE_ENABLE\=Default
    export COMPOSITE_SDK_DIRS\=/Users/macbook/Library/Developer/Xcode/DerivedData/driver-ceoixeulcbtkadctipreagukrovd/Build/Intermediates.noindex/CompositeSDKs
    export COMPRESS_PNG_FILES\=YES
    export CONFIGURATION\=Debug
    export CONFIGURATION_BUILD_DIR\=/Users/macbook/Library/Developer/Xcode/DerivedData/driver-ceoixeulcbtkadctipreagukrovd/Build/Products/Debug-iphonesimulator/EXConstants
    export CONFIGURATION_TEMP_DIR\=/Users/macbook/Library/Developer/Xcode/DerivedData/driver-ceoixeulcbtkadctipreagukrovd/Build/Intermediates.noindex/Pods.build/Debug-iphonesimulator
    export COPYING_PRESERVES_HFS_DATA\=NO
    export COPY_HEADERS_RUN_UNIFDEF\=NO
    export COPY_PHASE_STRIP\=NO
    export COPY_RESOURCES_FROM_STATIC_FRAMEWORKS\=YES
    export CORRESPONDING_DEVICE_PLATFORM_DIR\=/Applications/Xcode.app/Contents/Developer/Platforms/iPhoneOS.platform
    export CORRESPONDING_DEVICE_PLATFORM_NAME\=iphoneos
    export CORRESPONDING_DEVICE_SDK_DIR\=/Applications/Xcode.app/Contents/Developer/Platforms/iPhoneOS.platform/Developer/SDKs/iPhoneOS15.2.sdk
    export CORRESPONDING_DEVICE_SDK_NAME\=iphoneos15.2
    export CP\=/bin/cp
    export CREATE_INFOPLIST_SECTION_IN_BINARY\=NO
    export CURRENT_ARCH\=undefined_arch
    export CURRENT_VARIANT\=normal
    export DEAD_CODE_STRIPPING\=YES
    export DEBUGGING_SYMBOLS\=YES
    export DEBUG_INFORMATION_FORMAT\=dwarf
    export DEFAULT_COMPILER\=com.apple.compilers.llvm.clang.1_0
    export DEFAULT_DEXT_INSTALL_PATH\=/System/Library/DriverExtensions
    export DEFAULT_KEXT_INSTALL_PATH\=/System/Library/Extensions
    export DEFINES_MODULE\=NO
    export DEPLOYMENT_LOCATION\=NO
    export DEPLOYMENT_POSTPROCESSING\=NO
    export DEPLOYMENT_TARGET_CLANG_ENV_NAME\=IPHONEOS_DEPLOYMENT_TARGET
    export DEPLOYMENT_TARGET_CLANG_FLAG_NAME\=mios-simulator-version-min
    export DEPLOYMENT_TARGET_CLANG_FLAG_PREFIX\=-mios-simulator-version-min\=
    export DEPLOYMENT_TARGET_LD_ENV_NAME\=IPHONEOS_DEPLOYMENT_TARGET
    export DEPLOYMENT_TARGET_LD_FLAG_NAME\=ios_simulator_version_min
    export DEPLOYMENT_TARGET_SETTING_NAME\=IPHONEOS_DEPLOYMENT_TARGET
    export DEPLOYMENT_TARGET_SUGGESTED_VALUES\=9.0\ 9.1\ 9.2\ 9.3\ 10.0\ 10.1\ 10.2\ 10.3\ 11.0\ 11.1\ 11.2\ 11.3\ 11.4\ 12.0\ 12.1\ 12.2\ 12.3\ 12.4\ 13.0\ 13.1\ 13.2\ 13.3\ 13.4\ 13.5\ 13.6\ 14.0\ 14.1\ 14.2\ 14.3\ 14.4\ 14.5\ 14.6\ 14.7\ 15.0\ 15.1\ 15.2
    export DERIVED_FILES_DIR\=/Users/macbook/Library/Developer/Xcode/DerivedData/driver-ceoixeulcbtkadctipreagukrovd/Build/Intermediates.noindex/Pods.build/Debug-iphonesimulator/EXConstants.build/DerivedSources
    export DERIVED_FILE_DIR\=/Users/macbook/Library/Developer/Xcode/DerivedData/driver-ceoixeulcbtkadctipreagukrovd/Build/Intermediates.noindex/Pods.build/Debug-iphonesimulator/EXConstants.build/DerivedSources
    export DERIVED_SOURCES_DIR\=/Users/macbook/Library/Developer/Xcode/DerivedData/driver-ceoixeulcbtkadctipreagukrovd/Build/Intermediates.noindex/Pods.build/Debug-iphonesimulator/EXConstants.build/DerivedSources
    export DEVELOPER_APPLICATIONS_DIR\=/Applications/Xcode.app/Contents/Developer/Applications
    export DEVELOPER_BIN_DIR\=/Applications/Xcode.app/Contents/Developer/usr/bin
    export DEVELOPER_DIR\=/Applications/Xcode.app/Contents/Developer
    export DEVELOPER_FRAMEWORKS_DIR\=/Applications/Xcode.app/Contents/Developer/Library/Frameworks
    export DEVELOPER_FRAMEWORKS_DIR_QUOTED\=/Applications/Xcode.app/Contents/Developer/Library/Frameworks
    export DEVELOPER_LIBRARY_DIR\=/Applications/Xcode.app/Contents/Developer/Library
    export DEVELOPER_SDK_DIR\=/Applications/Xcode.app/Contents/Developer/Platforms/MacOSX.platform/Developer/SDKs
    export DEVELOPER_TOOLS_DIR\=/Applications/Xcode.app/Contents/Developer/Tools
    export DEVELOPER_USR_DIR\=/Applications/Xcode.app/Contents/Developer/usr
    export DEVELOPMENT_LANGUAGE\=en
    export DONT_GENERATE_INFOPLIST_FILE\=NO
    export DO_HEADER_SCANNING_IN_JAM\=NO
    export DSTROOT\=/tmp/Pods.dst
    export DT_TOOLCHAIN_DIR\=/Applications/Xcode.app/Contents/Developer/Toolchains/XcodeDefault.xctoolchain
    export DWARF_DSYM_FILE_NAME\=libEXConstants.a.dSYM
    export DWARF_DSYM_FILE_SHOULD_ACCOMPANY_PRODUCT\=NO
    export DWARF_DSYM_FOLDER_PATH\=/Users/macbook/Library/Developer/Xcode/DerivedData/driver-ceoixeulcbtkadctipreagukrovd/Build/Products/Debug-iphonesimulator/EXConstants
    export EFFECTIVE_PLATFORM_NAME\=-iphonesimulator
    export EMBEDDED_CONTENT_CONTAINS_SWIFT\=NO
    export EMBED_ASSET_PACKS_IN_PRODUCT_BUNDLE\=NO
    export ENABLE_APP_SANDBOX\=NO
    export ENABLE_BITCODE\=NO
    export ENABLE_DEFAULT_HEADER_SEARCH_PATHS\=YES
    export ENABLE_HARDENED_RUNTIME\=NO
    export ENABLE_HEADER_DEPENDENCIES\=YES
    export ENABLE_ON_DEMAND_RESOURCES\=NO
    export ENABLE_PREVIEWS\=NO
    export ENABLE_STRICT_OBJC_MSGSEND\=YES
    export ENABLE_TESTABILITY\=YES
    export ENABLE_TESTING_SEARCH_PATHS\=NO
    export ENTITLEMENTS_DESTINATION\=__entitlements
    export ENTITLEMENTS_REQUIRED\=YES
    export EXCLUDED_INSTALLSRC_SUBDIRECTORY_PATTERNS\=.DS_Store\ .svn\ .git\ .hg\ CVS
    export EXCLUDED_RECURSIVE_SEARCH_PATH_SUBDIRECTORIES\=\*.nib\ \*.lproj\ \*.framework\ \*.gch\ \*.xcode\*\ \*.xcassets\ \(\*\)\ .DS_Store\ CVS\ .svn\ .git\ .hg\ \*.pbproj\ \*.pbxproj
    export EXECUTABLE_EXTENSION\=a
    export EXECUTABLE_NAME\=libEXConstants.a
    export EXECUTABLE_PATH\=libEXConstants.a
    export EXECUTABLE_PREFIX\=lib
    export EXECUTABLE_SUFFIX\=.a
    export FILE_LIST\=/Users/macbook/Library/Developer/Xcode/DerivedData/driver-ceoixeulcbtkadctipreagukrovd/Build/Intermediates.noindex/Pods.build/Debug-iphonesimulator/EXConstants.build/Objects/LinkFileList
    export FIXED_FILES_DIR\=/Users/macbook/Library/Developer/Xcode/DerivedData/driver-ceoixeulcbtkadctipreagukrovd/Build/Intermediates.noindex/Pods.build/Debug-iphonesimulator/EXConstants.build/FixedFiles
    export FRAMEWORK_FLAG_PREFIX\=-framework
    export FRAMEWORK_SEARCH_PATHS\=/Users/macbook/Library/Developer/Xcode/DerivedData/driver-ceoixeulcbtkadctipreagukrovd/Build/Products/Debug-iphonesimulator/EXConstants\ 
    export FRAMEWORK_VERSION\=A
    export FULL_PRODUCT_NAME\=libEXConstants.a
    export GCC3_VERSION\=3.3
    export GCC_C_LANGUAGE_STANDARD\=gnu11
    export GCC_DYNAMIC_NO_PIC\=NO
    export GCC_NO_COMMON_BLOCKS\=YES
    export GCC_OBJC_LEGACY_DISPATCH\=YES
    export GCC_OPTIMIZATION_LEVEL\=0
    export GCC_PFE_FILE_C_DIALECTS\=c\ objective-c\ c++\ objective-c++
    export GCC_PREFIX_HEADER\=Target\ Support\ Files/EXConstants/EXConstants-prefix.pch
    export GCC_PREPROCESSOR_DEFINITIONS\=POD_CONFIGURATION_DEBUG\=1\ DEBUG\=1\ \ COCOAPODS\=1
    export GCC_TREAT_WARNINGS_AS_ERRORS\=NO
    export GCC_VERSION\=com.apple.compilers.llvm.clang.1_0
    export GCC_VERSION_IDENTIFIER\=com_apple_compilers_llvm_clang_1_0
    export GCC_WARN_64_TO_32_BIT_CONVERSION\=YES
    export GCC_WARN_ABOUT_RETURN_TYPE\=YES_ERROR
    export GCC_WARN_UNDECLARED_SELECTOR\=YES
    export GCC_WARN_UNINITIALIZED_AUTOS\=YES_AGGRESSIVE
    export GCC_WARN_UNUSED_FUNCTION\=YES
    export GCC_WARN_UNUSED_VARIABLE\=YES
    export GENERATED_MODULEMAP_DIR\=/Users/macbook/Library/Developer/Xcode/DerivedData/driver-ceoixeulcbtkadctipreagukrovd/Build/Intermediates.noindex/GeneratedModuleMaps-iphonesimulator
    export GENERATE_INFOPLIST_FILE\=NO
    export GENERATE_MASTER_OBJECT_FILE\=NO
    export GENERATE_PKGINFO_FILE\=NO
    export GENERATE_PROFILING_CODE\=NO
    export GENERATE_TEXT_BASED_STUBS\=NO
    export GID\=20
    export GROUP\=staff
    export HEADERMAP_INCLUDES_FLAT_ENTRIES_FOR_TARGET_BEING_BUILT\=YES
    export HEADERMAP_INCLUDES_FRAMEWORK_ENTRIES_FOR_ALL_PRODUCT_TYPES\=YES
    export HEADERMAP_INCLUDES_NONPUBLIC_NONPRIVATE_HEADERS\=YES
    export HEADERMAP_INCLUDES_PROJECT_HEADERS\=YES
    export HEADERMAP_USES_FRAMEWORK_PREFIX_ENTRIES\=YES
    export HEADERMAP_USES_VFS\=NO
    export HEADER_SEARCH_PATHS\=/Users/macbook/Library/Developer/Xcode/DerivedData/driver-ceoixeulcbtkadctipreagukrovd/Build/Products/Debug-iphonesimulator/EXConstants/include\ \ \"/Users/macbook/Desktop/ads/driver/ios/Pods/Headers/Private\"\ \"/Users/macbook/Desktop/ads/driver/ios/Pods/Headers/Private/EXConstants\"\ \"/Users/macbook/Desktop/ads/driver/ios/Pods/Headers/Public\"\ \"/Users/macbook/Desktop/ads/driver/ios/Pods/Headers/Public/DoubleConversion\"\ \"/Users/macbook/Desktop/ads/driver/ios/Pods/Headers/Public/EXConstants\"\ \"/Users/macbook/Desktop/ads/driver/ios/Pods/Headers/Public/ExpoModulesCore\"\ \"/Users/macbook/Desktop/ads/driver/ios/Pods/Headers/Public/RCT-Folly\"\ \"/Users/macbook/Desktop/ads/driver/ios/Pods/Headers/Public/React-Core\"\ \"/Users/macbook/Desktop/ads/driver/ios/Pods/Headers/Public/React-bridging\"\ \"/Users/macbook/Desktop/ads/driver/ios/Pods/Headers/Public/React-callinvoker\"\ \"/Users/macbook/Desktop/ads/driver/ios/Pods/Headers/Public/React-cxxreact\"\ \"/Users/macbook/Desktop/ads/driver/ios/Pods/Headers/Public/React-jsi\"\ \"/Users/macbook/Desktop/ads/driver/ios/Pods/Headers/Public/React-jsiexecutor\"\ \"/Users/macbook/Desktop/ads/driver/ios/Pods/Headers/Public/React-jsinspector\"\ \"/Users/macbook/Desktop/ads/driver/ios/Pods/Headers/Public/React-logger\"\ \"/Users/macbook/Desktop/ads/driver/ios/Pods/Headers/Public/React-perflogger\"\ \"/Users/macbook/Desktop/ads/driver/ios/Pods/Headers/Public/React-runtimeexecutor\"\ \"/Users/macbook/Desktop/ads/driver/ios/Pods/Headers/Public/ReactCommon\"\ \"/Users/macbook/Desktop/ads/driver/ios/Pods/Headers/Public/Yoga\"\ \"/Users/macbook/Desktop/ads/driver/ios/Pods/Headers/Public/fmt\"\ \"/Users/macbook/Desktop/ads/driver/ios/Pods/Headers/Public/glog\"\ \"/Users/macbook/Desktop/ads/driver/ios/Pods/Headers/Private/React-bridging/react/bridging\"\ \"/Users/macbook/Library/Developer/Xcode/DerivedData/driver-ceoixeulcbtkadctipreagukrovd/Build/Products/Debug-iphonesimulator/React-bridging/react_bridging.framework/Headers\"\ \ 
    export HIDE_BITCODE_SYMBOLS\=YES
    export HOME\=/Users/macbook
    export ICONV\=/usr/bin/iconv
    export INFOPLIST_EXPAND_BUILD_SETTINGS\=YES
    export INFOPLIST_OUTPUT_FORMAT\=binary
    export INFOPLIST_PREPROCESS\=NO
    export INLINE_PRIVATE_FRAMEWORKS\=NO
    export INSTALLHDRS_COPY_PHASE\=NO
    export INSTALLHDRS_SCRIPT_PHASE\=NO
    export INSTALL_DIR\=/tmp/Pods.dst/usr/local/lib
    export INSTALL_GROUP\=staff
    export INSTALL_MODE_FLAG\=u+w,go-w,a+rX
    export INSTALL_OWNER\=macbook
    export INSTALL_PATH\=/usr/local/lib
    export INSTALL_ROOT\=/tmp/Pods.dst
    export IPHONEOS_DEPLOYMENT_TARGET\=12.0
    export JAVAC_DEFAULT_FLAGS\=-J-Xms64m\ -J-XX:NewSize\=4M\ -J-Dfile.encoding\=UTF8
    export JAVA_APP_STUB\=/System/Library/Frameworks/JavaVM.framework/Resources/MacOS/JavaApplicationStub
    export JAVA_ARCHIVE_CLASSES\=YES
    export JAVA_ARCHIVE_TYPE\=JAR
    export JAVA_COMPILER\=/usr/bin/javac
    export JAVA_FRAMEWORK_RESOURCES_DIRS\=Resources
    export JAVA_JAR_FLAGS\=cv
    export JAVA_SOURCE_SUBDIR\=.
    export JAVA_USE_DEPENDENCIES\=YES
    export JAVA_ZIP_FLAGS\=-urg
    export JIKES_DEFAULT_FLAGS\=+E\ +OLDCSO
    export KEEP_PRIVATE_EXTERNS\=NO
    export LD_DEPENDENCY_INFO_FILE\=/Users/macbook/Library/Developer/Xcode/DerivedData/driver-ceoixeulcbtkadctipreagukrovd/Build/Intermediates.noindex/Pods.build/Debug-iphonesimulator/EXConstants.build/Objects-normal/undefined_arch/EXConstants_dependency_info.dat
    export LD_GENERATE_MAP_FILE\=NO
    export LD_MAP_FILE_PATH\=/Users/macbook/Library/Developer/Xcode/DerivedData/driver-ceoixeulcbtkadctipreagukrovd/Build/Intermediates.noindex/Pods.build/Debug-iphonesimulator/EXConstants.build/EXConstants-LinkMap-normal-undefined_arch.txt
    export LD_NO_PIE\=NO
    export LD_QUOTE_LINKER_ARGUMENTS_FOR_COMPILER_DRIVER\=YES
    export LEGACY_DEVELOPER_DIR\=/Applications/Xcode.app/Contents/PlugIns/Xcode3Core.ideplugin/Contents/SharedSupport/Developer
    export LEX\=lex
    export LIBRARY_DEXT_INSTALL_PATH\=/Library/DriverExtensions
    export LIBRARY_FLAG_NOSPACE\=YES
    export LIBRARY_FLAG_PREFIX\=-l
    export LIBRARY_KEXT_INSTALL_PATH\=/Library/Extensions
    export LIBRARY_SEARCH_PATHS\=/Users/macbook/Library/Developer/Xcode/DerivedData/driver-ceoixeulcbtkadctipreagukrovd/Build/Products/Debug-iphonesimulator/EXConstants\ 
    export LINKER_DISPLAYS_MANGLED_NAMES\=NO
    export LINK_FILE_LIST_normal_x86_64\=/Users/macbook/Library/Developer/Xcode/DerivedData/driver-ceoixeulcbtkadctipreagukrovd/Build/Intermediates.noindex/Pods.build/Debug-iphonesimulator/EXConstants.build/Objects-normal/x86_64/EXConstants.LinkFileList
    export LINK_WITH_STANDARD_LIBRARIES\=YES
    export LLVM_TARGET_TRIPLE_OS_VERSION\=ios12.0
    export LLVM_TARGET_TRIPLE_SUFFIX\=-simulator
    export LLVM_TARGET_TRIPLE_VENDOR\=apple
    export LOCALIZATION_EXPORT_SUPPORTED\=YES
    export LOCALIZED_STRING_MACRO_NAMES\=NSLocalizedString\ CFCopyLocalizedString
    export LOCALIZED_STRING_SWIFTUI_SUPPORT\=YES
    export LOCAL_ADMIN_APPS_DIR\=/Applications/Utilities
    export LOCAL_APPS_DIR\=/Applications
    export LOCAL_DEVELOPER_DIR\=/Library/Developer
    export LOCAL_LIBRARY_DIR\=/Library
    export LOCROOT\=/Users/macbook/Desktop/ads/driver/ios/Pods
    export LOCSYMROOT\=/Users/macbook/Desktop/ads/driver/ios/Pods
    export MACH_O_TYPE\=staticlib
    export MAC_OS_X_PRODUCT_BUILD_VERSION\=20G730
    export MAC_OS_X_VERSION_ACTUAL\=110608
    export MAC_OS_X_VERSION_MAJOR\=110000
    export MAC_OS_X_VERSION_MINOR\=110600
    export METAL_LIBRARY_FILE_BASE\=default
    export METAL_LIBRARY_OUTPUT_DIR\=/Users/macbook/Library/Developer/Xcode/DerivedData/driver-ceoixeulcbtkadctipreagukrovd/Build/Products/Debug-iphonesimulator/EXConstants/
    export MODULE_CACHE_DIR\=/Users/macbook/Library/Developer/Xcode/DerivedData/ModuleCache.noindex
    export MTL_ENABLE_DEBUG_INFO\=INCLUDE_SOURCE
    export MTL_FAST_MATH\=YES
    export NATIVE_ARCH\=x86_64
    export NATIVE_ARCH_32_BIT\=i386
    export NATIVE_ARCH_64_BIT\=x86_64
    export NATIVE_ARCH_ACTUAL\=x86_64
    export NO_COMMON\=YES
    export OBJC_ABI_VERSION\=2
    export OBJECT_FILE_DIR\=/Users/macbook/Library/Developer/Xcode/DerivedData/driver-ceoixeulcbtkadctipreagukrovd/Build/Intermediates.noindex/Pods.build/Debug-iphonesimulator/EXConstants.build/Objects
    export OBJECT_FILE_DIR_normal\=/Users/macbook/Library/Developer/Xcode/DerivedData/driver-ceoixeulcbtkadctipreagukrovd/Build/Intermediates.noindex/Pods.build/Debug-iphonesimulator/EXConstants.build/Objects-normal
    export OBJROOT\=/Users/macbook/Library/Developer/Xcode/DerivedData/driver-ceoixeulcbtkadctipreagukrovd/Build/Intermediates.noindex
    export ONLY_ACTIVE_ARCH\=YES
    export OS\=MACOS
    export OSAC\=/usr/bin/osacompile
    export OTHER_CFLAGS\=\ -fmodule-map-file\=\"/Users/macbook/Library/Developer/Xcode/DerivedData/driver-ceoixeulcbtkadctipreagukrovd/Build/Products/Debug-iphonesimulator/ExpoModulesCore/ExpoModulesCore.modulemap\"\ -fmodule-map-file\=\"/Users/macbook/Desktop/ads/driver/ios/Pods/Headers/Public/React-Core/React/React-Core.modulemap\"\ -fmodule-map-file\=\"/Users/macbook/Desktop/ads/driver/ios/Pods/Headers/Public/ReactCommon/ReactCommon.modulemap\"\ -fmodule-map-file\=\"/Users/macbook/Desktop/ads/driver/ios/Pods/Headers/Public/folly/RCT-Folly.modulemap\"\ -fmodule-map-file\=\"/Users/macbook/Desktop/ads/driver/ios/Pods/Headers/Public/yoga/Yoga.modulemap\"
    export OTHER_CPLUSPLUSFLAGS\=\ -fmodule-map-file\=\"/Users/macbook/Library/Developer/Xcode/DerivedData/driver-ceoixeulcbtkadctipreagukrovd/Build/Products/Debug-iphonesimulator/ExpoModulesCore/ExpoModulesCore.modulemap\"\ -fmodule-map-file\=\"/Users/macbook/Desktop/ads/driver/ios/Pods/Headers/Public/React-Core/React/React-Core.modulemap\"\ -fmodule-map-file\=\"/Users/macbook/Desktop/ads/driver/ios/Pods/Headers/Public/ReactCommon/ReactCommon.modulemap\"\ -fmodule-map-file\=\"/Users/macbook/Desktop/ads/driver/ios/Pods/Headers/Public/folly/RCT-Folly.modulemap\"\ -fmodule-map-file\=\"/Users/macbook/Desktop/ads/driver/ios/Pods/Headers/Public/yoga/Yoga.modulemap\"
    export PACKAGE_TYPE\=com.apple.package-type.static-library
    export PASCAL_STRINGS\=YES
    export PATH\=/Applications/Xcode.app/Contents/Developer/Toolchains/XcodeDefault.xctoolchain/usr/bin:/Applications/Xcode.app/Contents/Developer/Toolchains/XcodeDefault.xctoolchain/usr/local/bin:/Applications/Xcode.app/Contents/Developer/Toolchains/XcodeDefault.xctoolchain/usr/libexec:/Applications/Xcode.app/Contents/Developer/Platforms/iPhoneSimulator.platform/usr/bin:/Applications/Xcode.app/Contents/Developer/Platforms/iPhoneSimulator.platform/usr/local/bin:/Applications/Xcode.app/Contents/Developer/Platforms/iPhoneSimulator.platform/Developer/usr/bin:/Applications/Xcode.app/Contents/Developer/Platforms/iPhoneSimulator.platform/Developer/usr/local/bin:/Applications/Xcode.app/Contents/Developer/usr/bin:/Applications/Xcode.app/Contents/Developer/usr/local/bin:/Library/Frameworks/Python.framework/Versions/3.10/bin:/usr/local/bin:/usr/bin:/bin:/usr/sbin:/sbin:/etc/platform-tools:/usr/local/share/dotnet:/Library/Apple/usr/bin:/Library/Frameworks/Mono.framework/Versions/Current/Commands:/Users/macbook/DEVELOPER/flutter/bin:/Users/MacBook/DEVELOPER/flutter/bin:/Applications/Postgres.app/Contents/Versions/14/bin:/tools:/platform-tools
    export PATH_PREFIXES_EXCLUDED_FROM_HEADER_DEPENDENCIES\=/usr/include\ /usr/local/include\ /System/Library/Frameworks\ /System/Library/PrivateFrameworks\ /Applications/Xcode.app/Contents/Developer/Headers\ /Applications/Xcode.app/Contents/Developer/SDKs\ /Applications/Xcode.app/Contents/Developer/Platforms
    export PER_ARCH_OBJECT_FILE_DIR\=/Users/macbook/Library/Developer/Xcode/DerivedData/driver-ceoixeulcbtkadctipreagukrovd/Build/Intermediates.noindex/Pods.build/Debug-iphonesimulator/EXConstants.build/Objects-normal/undefined_arch
    export PER_VARIANT_OBJECT_FILE_DIR\=/Users/macbook/Library/Developer/Xcode/DerivedData/driver-ceoixeulcbtkadctipreagukrovd/Build/Intermediates.noindex/Pods.build/Debug-iphonesimulator/EXConstants.build/Objects-normal
    export PKGINFO_FILE_PATH\=/Users/macbook/Library/Developer/Xcode/DerivedData/driver-ceoixeulcbtkadctipreagukrovd/Build/Intermediates.noindex/Pods.build/Debug-iphonesimulator/EXConstants.build/PkgInfo
    export PLATFORM_DEVELOPER_APPLICATIONS_DIR\=/Applications/Xcode.app/Contents/Developer/Platforms/iPhoneSimulator.platform/Developer/Applications
    export PLATFORM_DEVELOPER_BIN_DIR\=/Applications/Xcode.app/Contents/Developer/Platforms/iPhoneSimulator.platform/Developer/usr/bin
    export PLATFORM_DEVELOPER_LIBRARY_DIR\=/Applications/Xcode.app/Contents/Developer/Platforms/iPhoneSimulator.platform/Developer/Library
    export PLATFORM_DEVELOPER_SDK_DIR\=/Applications/Xcode.app/Contents/Developer/Platforms/iPhoneSimulator.platform/Developer/SDKs
    export PLATFORM_DEVELOPER_TOOLS_DIR\=/Applications/Xcode.app/Contents/Developer/Platforms/iPhoneSimulator.platform/Developer/Tools
    export PLATFORM_DEVELOPER_USR_DIR\=/Applications/Xcode.app/Contents/Developer/Platforms/iPhoneSimulator.platform/Developer/usr
    export PLATFORM_DIR\=/Applications/Xcode.app/Contents/Developer/Platforms/iPhoneSimulator.platform
    export PLATFORM_DISPLAY_NAME\=iOS\ Simulator
    export PLATFORM_FAMILY_NAME\=iOS
    export PLATFORM_NAME\=iphonesimulator
    export PLATFORM_PREFERRED_ARCH\=x86_64
    export PLATFORM_PRODUCT_BUILD_VERSION\=19C51
    export PLIST_FILE_OUTPUT_FORMAT\=binary
    export PODS_BUILD_DIR\=/Users/macbook/Library/Developer/Xcode/DerivedData/driver-ceoixeulcbtkadctipreagukrovd/Build/Products
    export PODS_CONFIGURATION_BUILD_DIR\=/Users/macbook/Library/Developer/Xcode/DerivedData/driver-ceoixeulcbtkadctipreagukrovd/Build/Products/Debug-iphonesimulator
    export PODS_ROOT\=/Users/macbook/Desktop/ads/driver/ios/Pods
    export PODS_TARGET_SRCROOT\=/Users/macbook/Desktop/ads/driver/ios/Pods/../../node_modules/expo-constants/ios
    export PODS_XCFRAMEWORKS_BUILD_DIR\=/Users/macbook/Library/Developer/Xcode/DerivedData/driver-ceoixeulcbtkadctipreagukrovd/Build/Products/Debug-iphonesimulator/XCFrameworkIntermediates
    export PRECOMPS_INCLUDE_HEADERS_FROM_BUILT_PRODUCTS_DIR\=YES
    export PRECOMP_DESTINATION_DIR\=/Users/macbook/Library/Developer/Xcode/DerivedData/driver-ceoixeulcbtkadctipreagukrovd/Build/Intermediates.noindex/Pods.build/Debug-iphonesimulator/EXConstants.build/PrefixHeaders
    export PRESERVE_DEAD_CODE_INITS_AND_TERMS\=NO
    export PRODUCT_BUNDLE_IDENTIFIER\=org.cocoapods.EXConstants
    export PRODUCT_MODULE_NAME\=EXConstants
    export PRODUCT_NAME\=EXConstants
    export PRODUCT_SETTINGS_PATH\=
    export PRODUCT_TYPE\=com.apple.product-type.library.static
    export PROFILING_CODE\=NO
    export PROJECT\=Pods
    export PROJECT_DERIVED_FILE_DIR\=/Users/macbook/Library/Developer/Xcode/DerivedData/driver-ceoixeulcbtkadctipreagukrovd/Build/Intermediates.noindex/Pods.build/DerivedSources
    export PROJECT_DIR\=/Users/macbook/Desktop/ads/driver/ios/Pods
    export PROJECT_FILE_PATH\=/Users/macbook/Desktop/ads/driver/ios/Pods/Pods.xcodeproj
    export PROJECT_NAME\=Pods
    export PROJECT_TEMP_DIR\=/Users/macbook/Library/Developer/Xcode/DerivedData/driver-ceoixeulcbtkadctipreagukrovd/Build/Intermediates.noindex/Pods.build
    export PROJECT_TEMP_ROOT\=/Users/macbook/Library/Developer/Xcode/DerivedData/driver-ceoixeulcbtkadctipreagukrovd/Build/Intermediates.noindex
    export REACT_NATIVE_PATH\=/Users/macbook/Desktop/ads/driver/ios/Pods/../../node_modules/react-native
    export RECURSIVE_SEARCH_PATHS_FOLLOW_SYMLINKS\=YES
    export REMOVE_CVS_FROM_RESOURCES\=YES
    export REMOVE_GIT_FROM_RESOURCES\=YES
    export REMOVE_HEADERS_FROM_EMBEDDED_BUNDLES\=YES
    export REMOVE_HG_FROM_RESOURCES\=YES
    export REMOVE_SVN_FROM_RESOURCES\=YES
    export REZ_COLLECTOR_DIR\=/Users/macbook/Library/Developer/Xcode/DerivedData/driver-ceoixeulcbtkadctipreagukrovd/Build/Intermediates.noindex/Pods.build/Debug-iphonesimulator/EXConstants.build/ResourceManagerResources
    export REZ_EXECUTABLE\=YES
    export REZ_OBJECTS_DIR\=/Users/macbook/Library/Developer/Xcode/DerivedData/driver-ceoixeulcbtkadctipreagukrovd/Build/Intermediates.noindex/Pods.build/Debug-iphonesimulator/EXConstants.build/ResourceManagerResources/Objects
    export REZ_SEARCH_PATHS\=/Users/macbook/Library/Developer/Xcode/DerivedData/driver-ceoixeulcbtkadctipreagukrovd/Build/Products/Debug-iphonesimulator/EXConstants\ 
    export SCAN_ALL_SOURCE_FILES_FOR_INCLUDES\=NO
    export SCRIPT_INPUT_FILE_COUNT\=0
    export SCRIPT_INPUT_FILE_LIST_COUNT\=0
    export SCRIPT_OUTPUT_FILE_COUNT\=0
    export SCRIPT_OUTPUT_FILE_LIST_COUNT\=0
    export SDKROOT\=/Applications/Xcode.app/Contents/Developer/Platforms/iPhoneSimulator.platform/Developer/SDKs/iPhoneSimulator15.2.sdk
    export SDK_DIR\=/Applications/Xcode.app/Contents/Developer/Platforms/iPhoneSimulator.platform/Developer/SDKs/iPhoneSimulator15.2.sdk
    export SDK_DIR_iphonesimulator\=/Applications/Xcode.app/Contents/Developer/Platforms/iPhoneSimulator.platform/Developer/SDKs/iPhoneSimulator15.2.sdk
    export SDK_DIR_iphonesimulator15_2\=/Applications/Xcode.app/Contents/Developer/Platforms/iPhoneSimulator.platform/Developer/SDKs/iPhoneSimulator15.2.sdk
    export SDK_NAME\=iphonesimulator15.2
    export SDK_NAMES\=iphonesimulator15.2
    export SDK_PRODUCT_BUILD_VERSION\=19C51
    export SDK_VERSION\=15.2
    export SDK_VERSION_ACTUAL\=150200
    export SDK_VERSION_MAJOR\=150000
    export SDK_VERSION_MINOR\=150200
    export SED\=/usr/bin/sed
    export SEPARATE_STRIP\=NO
    export SEPARATE_SYMBOL_EDIT\=NO
    export SET_DIR_MODE_OWNER_GROUP\=YES
    export SET_FILE_MODE_OWNER_GROUP\=NO
    export SHALLOW_BUNDLE\=NO
    export SHARED_DERIVED_FILE_DIR\=/Users/macbook/Library/Developer/Xcode/DerivedData/driver-ceoixeulcbtkadctipreagukrovd/Build/Products/Debug-iphonesimulator/EXConstants/DerivedSources
    export SHARED_PRECOMPS_DIR\=/Users/macbook/Library/Developer/Xcode/DerivedData/driver-ceoixeulcbtkadctipreagukrovd/Build/Intermediates.noindex/PrecompiledHeaders
    export SKIP_INSTALL\=YES
    export SOURCE_ROOT\=/Users/macbook/Desktop/ads/driver/ios/Pods
    export SRCROOT\=/Users/macbook/Desktop/ads/driver/ios/Pods
    export STRINGSDATA_DIR\=/Users/macbook/Library/Developer/Xcode/DerivedData/driver-ceoixeulcbtkadctipreagukrovd/Build/Intermediates.noindex/Pods.build/Debug-iphonesimulator/EXConstants.build/Objects-normal/undefined_arch
    export STRINGSDATA_ROOT\=/Users/macbook/Library/Developer/Xcode/DerivedData/driver-ceoixeulcbtkadctipreagukrovd/Build/Intermediates.noindex/Pods.build/Debug-iphonesimulator/EXConstants.build
    export STRINGS_FILE_INFOPLIST_RENAME\=YES
    export STRINGS_FILE_OUTPUT_ENCODING\=binary
    export STRIP_BITCODE_FROM_COPIED_FILES\=NO
    export STRIP_INSTALLED_PRODUCT\=NO
    export STRIP_STYLE\=debugging
    export STRIP_SWIFT_SYMBOLS\=YES
    export SUPPORTED_DEVICE_FAMILIES\=1,2
    export SUPPORTED_PLATFORMS\=iphoneos\ iphonesimulator
    export SUPPORTS_TEXT_BASED_API\=NO
    export SWIFT_ACTIVE_COMPILATION_CONDITIONS\=DEBUG\ 
    export SWIFT_EMIT_LOC_STRINGS\=NO
    export SWIFT_INCLUDE_PATHS\=\ \"/Users/macbook/Library/Developer/Xcode/DerivedData/driver-ceoixeulcbtkadctipreagukrovd/Build/Products/Debug-iphonesimulator/ExpoModulesCore\"
    export SWIFT_OPTIMIZATION_LEVEL\=-Onone
    export SWIFT_PLATFORM_TARGET_PREFIX\=ios
    export SWIFT_RESPONSE_FILE_PATH_normal_x86_64\=/Users/macbook/Library/Developer/Xcode/DerivedData/driver-ceoixeulcbtkadctipreagukrovd/Build/Intermediates.noindex/Pods.build/Debug-iphonesimulator/EXConstants.build/Objects-normal/x86_64/EXConstants.SwiftFileList
    export SWIFT_VERSION\=5.0
    export SYMROOT\=/Users/macbook/Library/Developer/Xcode/DerivedData/driver-ceoixeulcbtkadctipreagukrovd/Build/Products
    export SYSTEM_ADMIN_APPS_DIR\=/Applications/Utilities
    export SYSTEM_APPS_DIR\=/Applications
    export SYSTEM_CORE_SERVICES_DIR\=/System/Library/CoreServices
    export SYSTEM_DEMOS_DIR\=/Applications/Extras
    export SYSTEM_DEVELOPER_APPS_DIR\=/Applications/Xcode.app/Contents/Developer/Applications
    export SYSTEM_DEVELOPER_BIN_DIR\=/Applications/Xcode.app/Contents/Developer/usr/bin
    export SYSTEM_DEVELOPER_DEMOS_DIR\=/Applications/Xcode.app/Contents/Developer/Applications/Utilities/Built\ Examples
    export SYSTEM_DEVELOPER_DIR\=/Applications/Xcode.app/Contents/Developer
    export SYSTEM_DEVELOPER_DOC_DIR\=/Applications/Xcode.app/Contents/Developer/ADC\ Reference\ Library
    export SYSTEM_DEVELOPER_GRAPHICS_TOOLS_DIR\=/Applications/Xcode.app/Contents/Developer/Applications/Graphics\ Tools
    export SYSTEM_DEVELOPER_JAVA_TOOLS_DIR\=/Applications/Xcode.app/Contents/Developer/Applications/Java\ Tools
    export SYSTEM_DEVELOPER_PERFORMANCE_TOOLS_DIR\=/Applications/Xcode.app/Contents/Developer/Applications/Performance\ Tools
    export SYSTEM_DEVELOPER_RELEASENOTES_DIR\=/Applications/Xcode.app/Contents/Developer/ADC\ Reference\ Library/releasenotes
    export SYSTEM_DEVELOPER_TOOLS\=/Applications/Xcode.app/Contents/Developer/Tools
    export SYSTEM_DEVELOPER_TOOLS_DOC_DIR\=/Applications/Xcode.app/Contents/Developer/ADC\ Reference\ Library/documentation/DeveloperTools
    export SYSTEM_DEVELOPER_TOOLS_RELEASENOTES_DIR\=/Applications/Xcode.app/Contents/Developer/ADC\ Reference\ Library/releasenotes/DeveloperTools
    export SYSTEM_DEVELOPER_USR_DIR\=/Applications/Xcode.app/Contents/Developer/usr
    export SYSTEM_DEVELOPER_UTILITIES_DIR\=/Applications/Xcode.app/Contents/Developer/Applications/Utilities
    export SYSTEM_DEXT_INSTALL_PATH\=/System/Library/DriverExtensions
    export SYSTEM_DOCUMENTATION_DIR\=/Library/Documentation
    export SYSTEM_KEXT_INSTALL_PATH\=/System/Library/Extensions
    export SYSTEM_LIBRARY_DIR\=/System/Library
    export TAPI_VERIFY_MODE\=ErrorsOnly
    export TARGETED_DEVICE_FAMILY\=1,2
    export TARGETNAME\=EXConstants
    export TARGET_BUILD_DIR\=/Users/macbook/Library/Developer/Xcode/DerivedData/driver-ceoixeulcbtkadctipreagukrovd/Build/Products/Debug-iphonesimulator/EXConstants
    export TARGET_DEVICE_IDENTIFIER\=E0E2680C-5774-4819-BF87-EFC4CED215C1
    export TARGET_DEVICE_MODEL\=iPhone14,2
    export TARGET_DEVICE_OS_VERSION\=15.2
    export TARGET_DEVICE_PLATFORM_NAME\=iphonesimulator
    export TARGET_NAME\=EXConstants
    export TARGET_TEMP_DIR\=/Users/macbook/Library/Developer/Xcode/DerivedData/driver-ceoixeulcbtkadctipreagukrovd/Build/Intermediates.noindex/Pods.build/Debug-iphonesimulator/EXConstants.build
    export TEMP_DIR\=/Users/macbook/Library/Developer/Xcode/DerivedData/driver-ceoixeulcbtkadctipreagukrovd/Build/Intermediates.noindex/Pods.build/Debug-iphonesimulator/EXConstants.build
    export TEMP_FILES_DIR\=/Users/macbook/Library/Developer/Xcode/DerivedData/driver-ceoixeulcbtkadctipreagukrovd/Build/Intermediates.noindex/Pods.build/Debug-iphonesimulator/EXConstants.build
    export TEMP_FILE_DIR\=/Users/macbook/Library/Developer/Xcode/DerivedData/driver-ceoixeulcbtkadctipreagukrovd/Build/Intermediates.noindex/Pods.build/Debug-iphonesimulator/EXConstants.build
    export TEMP_ROOT\=/Users/macbook/Library/Developer/Xcode/DerivedData/driver-ceoixeulcbtkadctipreagukrovd/Build/Intermediates.noindex
    export TEST_FRAMEWORK_SEARCH_PATHS\=\ /Applications/Xcode.app/Contents/Developer/Platforms/iPhoneSimulator.platform/Developer/Library/Frameworks\ /Applications/Xcode.app/Contents/Developer/Platforms/iPhoneSimulator.platform/Developer/SDKs/iPhoneSimulator15.2.sdk/Developer/Library/Frameworks
    export TEST_LIBRARY_SEARCH_PATHS\=\ /Applications/Xcode.app/Contents/Developer/Platforms/iPhoneSimulator.platform/Developer/usr/lib
    export TOOLCHAINS\=com.apple.dt.toolchain.XcodeDefault
    export TOOLCHAIN_DIR\=/Applications/Xcode.app/Contents/Developer/Toolchains/XcodeDefault.xctoolchain
    export TREAT_MISSING_BASELINES_AS_TEST_FAILURES\=NO
    export UID\=501
    export UNSTRIPPED_PRODUCT\=NO
    export USER\=macbook
    export USER_APPS_DIR\=/Users/macbook/Applications
    export USER_LIBRARY_DIR\=/Users/macbook/Library
    export USE_DYNAMIC_NO_PIC\=YES
    export USE_HEADERMAP\=YES
    export USE_HEADER_SYMLINKS\=NO
    export USE_LLVM_TARGET_TRIPLES\=YES
    export USE_LLVM_TARGET_TRIPLES_FOR_CLANG\=YES
    export USE_LLVM_TARGET_TRIPLES_FOR_LD\=YES
    export USE_LLVM_TARGET_TRIPLES_FOR_TAPI\=YES
    export USE_RECURSIVE_SCRIPT_INPUTS_IN_SCRIPT_PHASES\=YES
    export VALIDATE_DEVELOPMENT_ASSET_PATHS\=YES_ERROR
    export VALIDATE_PRODUCT\=NO
    export VALIDATE_WORKSPACE\=YES_ERROR
    export VALID_ARCHS\=arm64\ arm64e\ i386\ x86_64
    export VERBOSE_PBXCP\=NO
    export VERSION_INFO_BUILDER\=macbook
    export VERSION_INFO_FILE\=EXConstants_vers.c
    export VERSION_INFO_STRING\=\"@\(\#\)PROGRAM:EXConstants\ \ PROJECT:Pods-\"
    export WRAP_ASSET_PACKS_IN_SEPARATE_DIRECTORIES\=NO
    export XCODE_APP_SUPPORT_DIR\=/Applications/Xcode.app/Contents/Developer/Library/Xcode
    export XCODE_PRODUCT_BUILD_VERSION\=13C100
    export XCODE_VERSION_ACTUAL\=1321
    export XCODE_VERSION_MAJOR\=1300
    export XCODE_VERSION_MINOR\=1320
    export XPCSERVICES_FOLDER_PATH\=/XPCServices
    export YACC\=yacc
    export arch\=undefined_arch
    export variant\=normal
    /bin/sh -c /Users/macbook/Library/Developer/Xcode/DerivedData/driver-ceoixeulcbtkadctipreagukrovd/Build/Intermediates.noindex/Pods.build/Debug-iphonesimulator/EXConstants.build/Script-46EB2E00012910.sh
Node found at: /usr/local/bin/node

warning: Capabilities for Signing & Capabilities may not function correctly because its entitlements use a placeholder team ID. To resolve this, select a development team in the driver editor. (in target 'driver' from project 'driver')
PhaseScriptExecution Start\ Packager /Users/macbook/Library/Developer/Xcode/DerivedData/driver-ceoixeulcbtkadctipreagukrovd/Build/Intermediates.noindex/driver.build/Debug-iphonesimulator/driver.build/Script-FD10A7F022414F080027D42C.sh (in target 'driver' from project 'driver')
    cd /Users/macbook/Desktop/ads/driver/ios
    /bin/sh -c /Users/macbook/Library/Developer/Xcode/DerivedData/driver-ceoixeulcbtkadctipreagukrovd/Build/Intermediates.noindex/driver.build/Debug-iphonesimulator/driver.build/Script-FD10A7F022414F080027D42C.sh

PhaseScriptExecution Bundle\ React\ Native\ code\ and\ images /Users/macbook/Library/Developer/Xcode/DerivedData/driver-ceoixeulcbtkadctipreagukrovd/Build/Intermediates.noindex/driver.build/Debug-iphonesimulator/driver.build/Script-00DD1BFF1BD5951E006B06BC.sh (in target 'driver' from project 'driver')
    cd /Users/macbook/Desktop/ads/driver/ios
    export ACTION\=build
    export AD_HOC_CODE_SIGNING_ALLOWED\=YES
    export ALLOW_TARGET_PLATFORM_SPECIALIZATION\=NO
    export ALTERNATE_GROUP\=staff
    export ALTERNATE_MODE\=u+w,go-w,a+rX
    export ALTERNATE_OWNER\=macbook
    export ALWAYS_EMBED_SWIFT_STANDARD_LIBRARIES\=YES
    export ALWAYS_SEARCH_USER_PATHS\=NO
    export ALWAYS_USE_SEPARATE_HEADERMAPS\=NO
    export APPLE_INTERNAL_DEVELOPER_DIR\=/AppleInternal/Developer
    export APPLE_INTERNAL_DIR\=/AppleInternal
    export APPLE_INTERNAL_DOCUMENTATION_DIR\=/AppleInternal/Documentation
    export APPLE_INTERNAL_LIBRARY_DIR\=/AppleInternal/Library
    export APPLE_INTERNAL_TOOLS\=/AppleInternal/Developer/Tools
    export APPLICATION_EXTENSION_API_ONLY\=NO
    export APPLY_RULES_IN_COPY_FILES\=NO
    export APPLY_RULES_IN_COPY_HEADERS\=NO
    export ARCHS\=x86_64
    export ARCHS_STANDARD\=arm64\ x86_64
    export ARCHS_STANDARD_32_64_BIT\=arm64\ i386\ x86_64
    export ARCHS_STANDARD_32_BIT\=i386
    export ARCHS_STANDARD_64_BIT\=arm64\ x86_64
    export ARCHS_STANDARD_INCLUDING_64_BIT\=arm64\ x86_64
    export ARCHS_UNIVERSAL_IPHONE_OS\=arm64\ i386\ x86_64
    export ASSETCATALOG_COMPILER_APPICON_NAME\=AppIcon
    export ASSETCATALOG_FILTER_FOR_DEVICE_MODEL\=iPhone14,2
    export ASSETCATALOG_FILTER_FOR_DEVICE_OS_VERSION\=15.2
    export AVAILABLE_PLATFORMS\=appletvos\ appletvsimulator\ driverkit\ iphoneos\ iphonesimulator\ macosx\ watchos\ watchsimulator
    export AppIdentifierPrefix\=FAKETEAMID.
    export BITCODE_GENERATION_MODE\=marker
    export BUILD_ACTIVE_RESOURCES_ONLY\=YES
    export BUILD_COMPONENTS\=headers\ build
    export BUILD_DIR\=/Users/macbook/Library/Developer/Xcode/DerivedData/driver-ceoixeulcbtkadctipreagukrovd/Build/Products
    export BUILD_LIBRARY_FOR_DISTRIBUTION\=NO
    export BUILD_ROOT\=/Users/macbook/Library/Developer/Xcode/DerivedData/driver-ceoixeulcbtkadctipreagukrovd/Build/Products
    export BUILD_STYLE\=
    export BUILD_VARIANTS\=normal
    export BUILT_PRODUCTS_DIR\=/Users/macbook/Library/Developer/Xcode/DerivedData/driver-ceoixeulcbtkadctipreagukrovd/Build/Products/Debug-iphonesimulator
    export BUNDLE_CONTENTS_FOLDER_PATH_deep\=Contents/
    export BUNDLE_EXECUTABLE_FOLDER_NAME_deep\=MacOS
    export BUNDLE_FORMAT\=shallow
    export BUNDLE_FRAMEWORKS_FOLDER_PATH\=Frameworks
    export BUNDLE_PLUGINS_FOLDER_PATH\=PlugIns
    export BUNDLE_PRIVATE_HEADERS_FOLDER_PATH\=PrivateHeaders
    export BUNDLE_PUBLIC_HEADERS_FOLDER_PATH\=Headers
    export CACHE_ROOT\=/var/folders/65/0404xl593rnb2m2ywp15njfr0000gn/C/com.apple.DeveloperTools/13.2.1-13C100/Xcode
    export CCHROOT\=/var/folders/65/0404xl593rnb2m2ywp15njfr0000gn/C/com.apple.DeveloperTools/13.2.1-13C100/Xcode
    export CHMOD\=/bin/chmod
    export CHOWN\=/usr/sbin/chown
    export CLANG_ANALYZER_LOCALIZABILITY_NONLOCALIZED\=YES
    export CLANG_CXX_LANGUAGE_STANDARD\=c++17
    export CLANG_CXX_LIBRARY\=libc++
    export CLANG_ENABLE_MODULES\=YES
    export CLANG_ENABLE_OBJC_ARC\=YES
    export CLANG_MODULES_BUILD_SESSION_FILE\=/Users/macbook/Library/Developer/Xcode/DerivedData/ModuleCache.noindex/Session.modulevalidation
    export CLANG_WARN_BLOCK_CAPTURE_AUTORELEASING\=YES
    export CLANG_WARN_BOOL_CONVERSION\=YES
    export CLANG_WARN_COMMA\=YES
    export CLANG_WARN_CONSTANT_CONVERSION\=YES
    export CLANG_WARN_DEPRECATED_OBJC_IMPLEMENTATIONS\=YES
    export CLANG_WARN_DIRECT_OBJC_ISA_USAGE\=YES_ERROR
    export CLANG_WARN_EMPTY_BODY\=YES
    export CLANG_WARN_ENUM_CONVERSION\=YES
    export CLANG_WARN_INFINITE_RECURSION\=YES
    export CLANG_WARN_INT_CONVERSION\=YES
    export CLANG_WARN_NON_LITERAL_NULL_CONVERSION\=YES
    export CLANG_WARN_OBJC_IMPLICIT_RETAIN_SELF\=YES
    export CLANG_WARN_OBJC_LITERAL_CONVERSION\=YES
    export CLANG_WARN_OBJC_ROOT_CLASS\=YES_ERROR
    export CLANG_WARN_QUOTED_INCLUDE_IN_FRAMEWORK_HEADER\=NO
    export CLANG_WARN_RANGE_LOOP_ANALYSIS\=YES
    export CLANG_WARN_STRICT_PROTOTYPES\=YES
    export CLANG_WARN_SUSPICIOUS_MOVE\=YES
    export CLANG_WARN_UNREACHABLE_CODE\=YES
    export CLANG_WARN__DUPLICATE_METHOD_MATCH\=YES
    export CLASS_FILE_DIR\=/Users/macbook/Library/Developer/Xcode/DerivedData/driver-ceoixeulcbtkadctipreagukrovd/Build/Intermediates.noindex/driver.build/Debug-iphonesimulator/driver.build/JavaClasses
    export CLEAN_PRECOMPS\=YES
    export CLONE_HEADERS\=NO
    export CODESIGNING_FOLDER_PATH\=/Users/macbook/Library/Developer/Xcode/DerivedData/driver-ceoixeulcbtkadctipreagukrovd/Build/Products/Debug-iphonesimulator/driver.app
    export CODE_SIGNING_ALLOWED\=YES
    export CODE_SIGNING_REQUIRED\=YES
    export CODE_SIGN_CONTEXT_CLASS\=XCiPhoneSimulatorCodeSignContext
    export CODE_SIGN_ENTITLEMENTS\=driver/driver.entitlements
    export CODE_SIGN_IDENTITY\=-
    export CODE_SIGN_INJECT_BASE_ENTITLEMENTS\=YES
    export COLOR_DIAGNOSTICS\=NO
    export COMBINE_HIDPI_IMAGES\=NO
    export COMPILER_INDEX_STORE_ENABLE\=Default
    export COMPOSITE_SDK_DIRS\=/Users/macbook/Library/Developer/Xcode/DerivedData/driver-ceoixeulcbtkadctipreagukrovd/Build/Intermediates.noindex/CompositeSDKs
    export COMPRESS_PNG_FILES\=YES
    export CONFIGURATION\=Debug
    export CONFIGURATION_BUILD_DIR\=/Users/macbook/Library/Developer/Xcode/DerivedData/driver-ceoixeulcbtkadctipreagukrovd/Build/Products/Debug-iphonesimulator
    export CONFIGURATION_TEMP_DIR\=/Users/macbook/Library/Developer/Xcode/DerivedData/driver-ceoixeulcbtkadctipreagukrovd/Build/Intermediates.noindex/driver.build/Debug-iphonesimulator
    export CONTENTS_FOLDER_PATH\=driver.app
    export COPYING_PRESERVES_HFS_DATA\=NO
    export COPY_HEADERS_RUN_UNIFDEF\=NO
    export COPY_PHASE_STRIP\=NO
    export COPY_RESOURCES_FROM_STATIC_FRAMEWORKS\=YES
    export CORRESPONDING_DEVICE_PLATFORM_DIR\=/Applications/Xcode.app/Contents/Developer/Platforms/iPhoneOS.platform
    export CORRESPONDING_DEVICE_PLATFORM_NAME\=iphoneos
    export CORRESPONDING_DEVICE_SDK_DIR\=/Applications/Xcode.app/Contents/Developer/Platforms/iPhoneOS.platform/Developer/SDKs/iPhoneOS15.2.sdk
    export CORRESPONDING_DEVICE_SDK_NAME\=iphoneos15.2
    export CP\=/bin/cp
    export CREATE_INFOPLIST_SECTION_IN_BINARY\=NO
    export CURRENT_ARCH\=undefined_arch
    export CURRENT_PROJECT_VERSION\=1
    export CURRENT_VARIANT\=normal
    export DEAD_CODE_STRIPPING\=YES
    export DEBUGGING_SYMBOLS\=YES
    export DEBUG_INFORMATION_FORMAT\=dwarf-with-dsym
    export DEFAULT_COMPILER\=com.apple.compilers.llvm.clang.1_0
    export DEFAULT_DEXT_INSTALL_PATH\=/System/Library/DriverExtensions
    export DEFAULT_KEXT_INSTALL_PATH\=/System/Library/Extensions
    export DEFINES_MODULE\=NO
    export DEPLOYMENT_LOCATION\=NO
    export DEPLOYMENT_POSTPROCESSING\=NO
    export DEPLOYMENT_TARGET_CLANG_ENV_NAME\=IPHONEOS_DEPLOYMENT_TARGET
    export DEPLOYMENT_TARGET_CLANG_FLAG_NAME\=mios-simulator-version-min
    export DEPLOYMENT_TARGET_CLANG_FLAG_PREFIX\=-mios-simulator-version-min\=
    export DEPLOYMENT_TARGET_LD_ENV_NAME\=IPHONEOS_DEPLOYMENT_TARGET
    export DEPLOYMENT_TARGET_LD_FLAG_NAME\=ios_simulator_version_min
    export DEPLOYMENT_TARGET_SETTING_NAME\=IPHONEOS_DEPLOYMENT_TARGET
    export DEPLOYMENT_TARGET_SUGGESTED_VALUES\=9.0\ 9.1\ 9.2\ 9.3\ 10.0\ 10.1\ 10.2\ 10.3\ 11.0\ 11.1\ 11.2\ 11.3\ 11.4\ 12.0\ 12.1\ 12.2\ 12.3\ 12.4\ 13.0\ 13.1\ 13.2\ 13.3\ 13.4\ 13.5\ 13.6\ 14.0\ 14.1\ 14.2\ 14.3\ 14.4\ 14.5\ 14.6\ 14.7\ 15.0\ 15.1\ 15.2
    export DERIVED_FILES_DIR\=/Users/macbook/Library/Developer/Xcode/DerivedData/driver-ceoixeulcbtkadctipreagukrovd/Build/Intermediates.noindex/driver.build/Debug-iphonesimulator/driver.build/DerivedSources
    export DERIVED_FILE_DIR\=/Users/macbook/Library/Developer/Xcode/DerivedData/driver-ceoixeulcbtkadctipreagukrovd/Build/Intermediates.noindex/driver.build/Debug-iphonesimulator/driver.build/DerivedSources
    export DERIVED_SOURCES_DIR\=/Users/macbook/Library/Developer/Xcode/DerivedData/driver-ceoixeulcbtkadctipreagukrovd/Build/Intermediates.noindex/driver.build/Debug-iphonesimulator/driver.build/DerivedSources
    export DEVELOPER_APPLICATIONS_DIR\=/Applications/Xcode.app/Contents/Developer/Applications
    export DEVELOPER_BIN_DIR\=/Applications/Xcode.app/Contents/Developer/usr/bin
    export DEVELOPER_DIR\=/Applications/Xcode.app/Contents/Developer
    export DEVELOPER_FRAMEWORKS_DIR\=/Applications/Xcode.app/Contents/Developer/Library/Frameworks
    export DEVELOPER_FRAMEWORKS_DIR_QUOTED\=/Applications/Xcode.app/Contents/Developer/Library/Frameworks
    export DEVELOPER_LIBRARY_DIR\=/Applications/Xcode.app/Contents/Developer/Library
    export DEVELOPER_SDK_DIR\=/Applications/Xcode.app/Contents/Developer/Platforms/MacOSX.platform/Developer/SDKs
    export DEVELOPER_TOOLS_DIR\=/Applications/Xcode.app/Contents/Developer/Tools
    export DEVELOPER_USR_DIR\=/Applications/Xcode.app/Contents/Developer/usr
    export DEVELOPMENT_LANGUAGE\=en
    export DOCUMENTATION_FOLDER_PATH\=driver.app/en.lproj/Documentation
    export DONT_GENERATE_INFOPLIST_FILE\=NO
    export DO_HEADER_SCANNING_IN_JAM\=NO
    export DSTROOT\=/tmp/driver.dst
    export DT_TOOLCHAIN_DIR\=/Applications/Xcode.app/Contents/Developer/Toolchains/XcodeDefault.xctoolchain
    export DWARF_DSYM_FILE_NAME\=driver.app.dSYM
    export DWARF_DSYM_FILE_SHOULD_ACCOMPANY_PRODUCT\=NO
    export DWARF_DSYM_FOLDER_PATH\=/Users/macbook/Library/Developer/Xcode/DerivedData/driver-ceoixeulcbtkadctipreagukrovd/Build/Products/Debug-iphonesimulator
    export EFFECTIVE_PLATFORM_NAME\=-iphonesimulator
    export EMBEDDED_CONTENT_CONTAINS_SWIFT\=NO
    export EMBED_ASSET_PACKS_IN_PRODUCT_BUNDLE\=NO
    export ENABLE_APP_SANDBOX\=NO
    export ENABLE_BITCODE\=NO
    export ENABLE_DEFAULT_HEADER_SEARCH_PATHS\=YES
    export ENABLE_HARDENED_RUNTIME\=NO
    export ENABLE_HEADER_DEPENDENCIES\=YES
    export ENABLE_ON_DEMAND_RESOURCES\=YES
    export ENABLE_PREVIEWS\=NO
    export ENABLE_STRICT_OBJC_MSGSEND\=YES
    export ENABLE_TESTABILITY\=YES
    export ENABLE_TESTING_SEARCH_PATHS\=NO
    export ENTITLEMENTS_DESTINATION\=__entitlements
    export ENTITLEMENTS_REQUIRED\=YES
    export EXCLUDED_ARCHS\=arm64
    export EXCLUDED_INSTALLSRC_SUBDIRECTORY_PATTERNS\=.DS_Store\ .svn\ .git\ .hg\ CVS
    export EXCLUDED_RECURSIVE_SEARCH_PATH_SUBDIRECTORIES\=\*.nib\ \*.lproj\ \*.framework\ \*.gch\ \*.xcode\*\ \*.xcassets\ \(\*\)\ .DS_Store\ CVS\ .svn\ .git\ .hg\ \*.pbproj\ \*.pbxproj
    export EXECUTABLES_FOLDER_PATH\=driver.app/Executables
    export EXECUTABLE_FOLDER_PATH\=driver.app
    export EXECUTABLE_NAME\=driver
    export EXECUTABLE_PATH\=driver.app/driver
    export EXPANDED_CODE_SIGN_IDENTITY\=-
    export EXPANDED_CODE_SIGN_IDENTITY_NAME\=-
    export FILE_LIST\=/Users/macbook/Library/Developer/Xcode/DerivedData/driver-ceoixeulcbtkadctipreagukrovd/Build/Intermediates.noindex/driver.build/Debug-iphonesimulator/driver.build/Objects/LinkFileList
    export FIXED_FILES_DIR\=/Users/macbook/Library/Developer/Xcode/DerivedData/driver-ceoixeulcbtkadctipreagukrovd/Build/Intermediates.noindex/driver.build/Debug-iphonesimulator/driver.build/FixedFiles
    export FRAMEWORKS_FOLDER_PATH\=driver.app/Frameworks
    export FRAMEWORK_FLAG_PREFIX\=-framework
    export FRAMEWORK_SEARCH_PATHS\=/Users/macbook/Library/Developer/Xcode/DerivedData/driver-ceoixeulcbtkadctipreagukrovd/Build/Products/Debug-iphonesimulator\ \ \"/Users/macbook/Desktop/ads/driver/ios/Pods/../../node_modules/expo-file-system/ios\"\ \"/Users/macbook/Desktop/ads/driver/ios/Pods/../../node_modules/expo-location/ios\"\ \"/Users/macbook/Desktop/ads/driver/ios/Pods/../../node_modules/expo-splash-screen/ios\"\ \"/Users/macbook/Desktop/ads/driver/ios/Pods/GoogleMaps/Base/Frameworks\"\ \"/Users/macbook/Desktop/ads/driver/ios/Pods/GoogleMaps/Maps/Frameworks\"\ \"/Users/macbook/Library/Developer/Xcode/DerivedData/driver-ceoixeulcbtkadctipreagukrovd/Build/Products/Debug-iphonesimulator/XCFrameworkIntermediates/EXFileSystem\"\ \"/Users/macbook/Library/Developer/Xcode/DerivedData/driver-ceoixeulcbtkadctipreagukrovd/Build/Products/Debug-iphonesimulator/XCFrameworkIntermediates/EXLocation\"\ \"/Users/macbook/Library/Developer/Xcode/DerivedData/driver-ceoixeulcbtkadctipreagukrovd/Build/Products/Debug-iphonesimulator/XCFrameworkIntermediates/EXSplashScreen\"
    export FRAMEWORK_VERSION\=A
    export FULL_PRODUCT_NAME\=driver.app
    export GCC3_VERSION\=3.3
    export GCC_C_LANGUAGE_STANDARD\=gnu99
    export GCC_DYNAMIC_NO_PIC\=NO
    export GCC_INLINES_ARE_PRIVATE_EXTERN\=YES
    export GCC_NO_COMMON_BLOCKS\=YES
    export GCC_OBJC_LEGACY_DISPATCH\=YES
    export GCC_OPTIMIZATION_LEVEL\=0
    export GCC_PFE_FILE_C_DIALECTS\=c\ objective-c\ c++\ objective-c++
    export GCC_PREPROCESSOR_DEFINITIONS\=DEBUG\=1\ \ COCOAPODS\=1\ FB_SONARKIT_ENABLED\=1
    export GCC_SYMBOLS_PRIVATE_EXTERN\=NO
    export GCC_TREAT_WARNINGS_AS_ERRORS\=NO
    export GCC_VERSION\=com.apple.compilers.llvm.clang.1_0
    export GCC_VERSION_IDENTIFIER\=com_apple_compilers_llvm_clang_1_0
    export GCC_WARN_64_TO_32_BIT_CONVERSION\=YES
    export GCC_WARN_ABOUT_RETURN_TYPE\=YES_ERROR
    export GCC_WARN_UNDECLARED_SELECTOR\=YES
    export GCC_WARN_UNINITIALIZED_AUTOS\=YES_AGGRESSIVE
    export GCC_WARN_UNUSED_FUNCTION\=YES
    export GCC_WARN_UNUSED_VARIABLE\=YES
    export GENERATED_MODULEMAP_DIR\=/Users/macbook/Library/Developer/Xcode/DerivedData/driver-ceoixeulcbtkadctipreagukrovd/Build/Intermediates.noindex/GeneratedModuleMaps-iphonesimulator
    export GENERATE_INFOPLIST_FILE\=NO
    export GENERATE_MASTER_OBJECT_FILE\=NO
    export GENERATE_PKGINFO_FILE\=YES
    export GENERATE_PROFILING_CODE\=NO
    export GENERATE_TEXT_BASED_STUBS\=NO
    export GID\=20
    export GROUP\=staff
    export HEADERMAP_INCLUDES_FLAT_ENTRIES_FOR_TARGET_BEING_BUILT\=YES
    export HEADERMAP_INCLUDES_FRAMEWORK_ENTRIES_FOR_ALL_PRODUCT_TYPES\=YES
    export HEADERMAP_INCLUDES_NONPUBLIC_NONPRIVATE_HEADERS\=YES
    export HEADERMAP_INCLUDES_PROJECT_HEADERS\=YES
    export HEADERMAP_USES_FRAMEWORK_PREFIX_ENTRIES\=YES
    export HEADERMAP_USES_VFS\=NO
    export HEADER_SEARCH_PATHS\=/Users/macbook/Library/Developer/Xcode/DerivedData/driver-ceoixeulcbtkadctipreagukrovd/Build/Products/Debug-iphonesimulator/include\ \ \"/Users/macbook/Desktop/ads/driver/ios/Pods/Headers/Public\"\ \"/Users/macbook/Desktop/ads/driver/ios/Pods/Headers/Public/DoubleConversion\"\ \"/Users/macbook/Desktop/ads/driver/ios/Pods/Headers/Public/EXApplication\"\ \"/Users/macbook/Desktop/ads/driver/ios/Pods/Headers/Public/EXConstants\"\ \"/Users/macbook/Desktop/ads/driver/ios/Pods/Headers/Public/EXErrorRecovery\"\ \"/Users/macbook/Desktop/ads/driver/ios/Pods/Headers/Public/EXFileSystem\"\ \"/Users/macbook/Desktop/ads/driver/ios/Pods/Headers/Public/EXFont\"\ \"/Users/macbook/Desktop/ads/driver/ios/Pods/Headers/Public/EXLocation\"\ \"/Users/macbook/Desktop/ads/driver/ios/Pods/Headers/Public/EXSplashScreen\"\ \"/Users/macbook/Desktop/ads/driver/ios/Pods/Headers/Public/Expo\"\ \"/Users/macbook/Desktop/ads/driver/ios/Pods/Headers/Public/ExpoModulesCore\"\ \"/Users/macbook/Desktop/ads/driver/ios/Pods/Headers/Public/FBLazyVector\"\ \"/Users/macbook/Desktop/ads/driver/ios/Pods/Headers/Public/Google-Maps-iOS-Utils\"\ \"/Users/macbook/Desktop/ads/driver/ios/Pods/Headers/Public/Permission-Camera\"\ \"/Users/macbook/Desktop/ads/driver/ios/Pods/Headers/Public/Permission-LocationAlways\"\ \"/Users/macbook/Desktop/ads/driver/ios/Pods/Headers/Public/Permission-LocationWhenInUse\"\ \"/Users/macbook/Desktop/ads/driver/ios/Pods/Headers/Public/Permission-PhotoLibrary\"\ \"/Users/macbook/Desktop/ads/driver/ios/Pods/Headers/Public/RCT-Folly\"\ \"/Users/macbook/Desktop/ads/driver/ios/Pods/Headers/Public/RCTRequired\"\ \"/Users/macbook/Desktop/ads/driver/ios/Pods/Headers/Public/RCTTypeSafety\"\ \"/Users/macbook/Desktop/ads/driver/ios/Pods/Headers/Public/RNCAsyncStorage\"\ \"/Users/macbook/Desktop/ads/driver/ios/Pods/Headers/Public/RNCMaskedView\"\ \"/Users/macbook/Desktop/ads/driver/ios/Pods/Headers/Public/RNGestureHandler\"\ \"/Users/macbook/Desktop/ads/driver/ios/Pods/Headers/Public/RNImageCropPicker\"\ \"/Users/macbook/Desktop/ads/driver/ios/Pods/Headers/Public/RNPermissions\"\ \"/Users/macbook/Desktop/ads/driver/ios/Pods/Headers/Public/RNSVG\"\ \"/Users/macbook/Desktop/ads/driver/ios/Pods/Headers/Public/RNScreens\"\ \"/Users/macbook/Desktop/ads/driver/ios/Pods/Headers/Public/RNVectorIcons\"\ \"/Users/macbook/Desktop/ads/driver/ios/Pods/Headers/Public/React-Codegen\"\ \"/Users/macbook/Desktop/ads/driver/ios/Pods/Headers/Public/React-Core\"\ \"/Users/macbook/Desktop/ads/driver/ios/Pods/Headers/Public/React-RCTAnimation\"\ \"/Users/macbook/Desktop/ads/driver/ios/Pods/Headers/Public/React-RCTBlob\"\ \"/Users/macbook/Desktop/ads/driver/ios/Pods/Headers/Public/React-RCTText\"\ \"/Users/macbook/Desktop/ads/driver/ios/Pods/Headers/Public/React-bridging\"\ \"/Users/macbook/Desktop/ads/driver/ios/Pods/Headers/Public/React-callinvoker\"\ \"/Users/macbook/Desktop/ads/driver/ios/Pods/Headers/Public/React-cxxreact\"\ \"/Users/macbook/Desktop/ads/driver/ios/Pods/Headers/Public/React-jsi\"\ \"/Users/macbook/Desktop/ads/driver/ios/Pods/Headers/Public/React-jsiexecutor\"\ \"/Users/macbook/Desktop/ads/driver/ios/Pods/Headers/Public/React-jsinspector\"\ \"/Users/macbook/Desktop/ads/driver/ios/Pods/Headers/Public/React-logger\"\ \"/Users/macbook/Desktop/ads/driver/ios/Pods/Headers/Public/React-perflogger\"\ \"/Users/macbook/Desktop/ads/driver/ios/Pods/Headers/Public/React-runtimeexecutor\"\ \"/Users/macbook/Desktop/ads/driver/ios/Pods/Headers/Public/ReactCommon\"\ \"/Users/macbook/Desktop/ads/driver/ios/Pods/Headers/Public/TOCropViewController\"\ \"/Users/macbook/Desktop/ads/driver/ios/Pods/Headers/Public/Yoga\"\ \"/Users/macbook/Desktop/ads/driver/ios/Pods/Headers/Public/fmt\"\ \"/Users/macbook/Desktop/ads/driver/ios/Pods/Headers/Public/glog\"\ \"/Users/macbook/Desktop/ads/driver/ios/Pods/Headers/Public/react-native-google-maps\"\ \"/Users/macbook/Desktop/ads/driver/ios/Pods/Headers/Public/react-native-maps\"\ \"/Users/macbook/Desktop/ads/driver/ios/Pods/Headers/Public/react-native-safe-area-context\"\ \"/Users/macbook/Desktop/ads/driver/ios/Pods/DoubleConversion\"\ \"/Users/macbook/Library/Developer/Xcode/DerivedData/driver-ceoixeulcbtkadctipreagukrovd/Build/Products/Debug-iphonesimulator/ExpoModulesCore/Swift\ Compatibility\ Header\"\ \"/Users/macbook/Desktop/ads/driver/ios/Pods/Headers/Private/React-bridging/react/bridging\"\ \"/Users/macbook/Library/Developer/Xcode/DerivedData/driver-ceoixeulcbtkadctipreagukrovd/Build/Products/Debug-iphonesimulator/React-bridging/react_bridging.framework/Headers\"\ \"/Users/macbook/Desktop/ads/driver/ios/Pods/boost\"\ \"/Users/macbook/Desktop/ads/driver/ios/Pods/Headers/Private/React-Core\"
    export HIDE_BITCODE_SYMBOLS\=YES
    export HOME\=/Users/macbook
    export ICONV\=/usr/bin/iconv
    export INFOPLIST_EXPAND_BUILD_SETTINGS\=YES
    export INFOPLIST_FILE\=driver/Info.plist
    export INFOPLIST_OUTPUT_FORMAT\=binary
    export INFOPLIST_PATH\=driver.app/Info.plist
    export INFOPLIST_PREPROCESS\=NO
    export INFOSTRINGS_PATH\=driver.app/en.lproj/InfoPlist.strings
    export INLINE_PRIVATE_FRAMEWORKS\=NO
    export INSTALLHDRS_COPY_PHASE\=NO
    export INSTALLHDRS_SCRIPT_PHASE\=NO
    export INSTALL_DIR\=/tmp/driver.dst/Applications
    export INSTALL_GROUP\=staff
    export INSTALL_MODE_FLAG\=u+w,go-w,a+rX
    export INSTALL_OWNER\=macbook
    export INSTALL_PATH\=/Applications
    export INSTALL_ROOT\=/tmp/driver.dst
    export IPHONEOS_DEPLOYMENT_TARGET\=12.4
    export JAVAC_DEFAULT_FLAGS\=-J-Xms64m\ -J-XX:NewSize\=4M\ -J-Dfile.encoding\=UTF8
    export JAVA_APP_STUB\=/System/Library/Frameworks/JavaVM.framework/Resources/MacOS/JavaApplicationStub
    export JAVA_ARCHIVE_CLASSES\=YES
    export JAVA_ARCHIVE_TYPE\=JAR
    export JAVA_COMPILER\=/usr/bin/javac
    export JAVA_FOLDER_PATH\=driver.app/Java
    export JAVA_FRAMEWORK_RESOURCES_DIRS\=Resources
    export JAVA_JAR_FLAGS\=cv
    export JAVA_SOURCE_SUBDIR\=.
    export JAVA_USE_DEPENDENCIES\=YES
    export JAVA_ZIP_FLAGS\=-urg
    export JIKES_DEFAULT_FLAGS\=+E\ +OLDCSO
    export KEEP_PRIVATE_EXTERNS\=NO
    export LD_DEPENDENCY_INFO_FILE\=/Users/macbook/Library/Developer/Xcode/DerivedData/driver-ceoixeulcbtkadctipreagukrovd/Build/Intermediates.noindex/driver.build/Debug-iphonesimulator/driver.build/Objects-normal/undefined_arch/driver_dependency_info.dat
    export LD_ENTITLEMENTS_SECTION\=/Users/macbook/Library/Developer/Xcode/DerivedData/driver-ceoixeulcbtkadctipreagukrovd/Build/Intermediates.noindex/driver.build/Debug-iphonesimulator/driver.build/driver.app-Simulated.xcent
    export LD_GENERATE_MAP_FILE\=NO
    export LD_MAP_FILE_PATH\=/Users/macbook/Library/Developer/Xcode/DerivedData/driver-ceoixeulcbtkadctipreagukrovd/Build/Intermediates.noindex/driver.build/Debug-iphonesimulator/driver.build/driver-LinkMap-normal-undefined_arch.txt
    export LD_NO_PIE\=NO
    export LD_QUOTE_LINKER_ARGUMENTS_FOR_COMPILER_DRIVER\=YES
    export LD_RUNPATH_SEARCH_PATHS\=/usr/lib/swift\ \ @executable_path/Frameworks
    export LEGACY_DEVELOPER_DIR\=/Applications/Xcode.app/Contents/PlugIns/Xcode3Core.ideplugin/Contents/SharedSupport/Developer
    export LEX\=lex
    export LIBRARY_DEXT_INSTALL_PATH\=/Library/DriverExtensions
    export LIBRARY_FLAG_NOSPACE\=YES
    export LIBRARY_FLAG_PREFIX\=-l
    export LIBRARY_KEXT_INSTALL_PATH\=/Library/Extensions
    export LIBRARY_SEARCH_PATHS\=/Users/macbook/Library/Developer/Xcode/DerivedData/driver-ceoixeulcbtkadctipreagukrovd/Build/Products/Debug-iphonesimulator\ /Applications/Xcode.app/Contents/Developer/Toolchains/XcodeDefault.xctoolchain/usr/lib/swift/iphonesimulator\ /Users/macbook/Library/Developer/Xcode/DerivedData/driver-ceoixeulcbtkadctipreagukrovd/Build/Products/Debug-iphonesimulator/DoubleConversion\ /Users/macbook/Library/Developer/Xcode/DerivedData/driver-ceoixeulcbtkadctipreagukrovd/Build/Products/Debug-iphonesimulator/EXApplication\ /Users/macbook/Library/Developer/Xcode/DerivedData/driver-ceoixeulcbtkadctipreagukrovd/Build/Products/Debug-iphonesimulator/EXConstants\ /Users/macbook/Library/Developer/Xcode/DerivedData/driver-ceoixeulcbtkadctipreagukrovd/Build/Products/Debug-iphonesimulator/EXErrorRecovery\ /Users/macbook/Library/Developer/Xcode/DerivedData/driver-ceoixeulcbtkadctipreagukrovd/Build/Products/Debug-iphonesimulator/EXFont\ /Users/macbook/Library/Developer/Xcode/DerivedData/driver-ceoixeulcbtkadctipreagukrovd/Build/Products/Debug-iphonesimulator/Expo\ /Users/macbook/Library/Developer/Xcode/DerivedData/driver-ceoixeulcbtkadctipreagukrovd/Build/Products/Debug-iphonesimulator/ExpoKeepAwake\ /Users/macbook/Library/Developer/Xcode/DerivedData/driver-ceoixeulcbtkadctipreagukrovd/Build/Products/Debug-iphonesimulator/ExpoModulesCore\ /Users/macbook/Library/Developer/Xcode/DerivedData/driver-ceoixeulcbtkadctipreagukrovd/Build/Products/Debug-iphonesimulator/Google-Maps-iOS-Utils\ /Users/macbook/Library/Developer/Xcode/DerivedData/driver-ceoixeulcbtkadctipreagukrovd/Build/Products/Debug-iphonesimulator/Permission-Camera\ /Users/macbook/Library/Developer/Xcode/DerivedData/driver-ceoixeulcbtkadctipreagukrovd/Build/Products/Debug-iphonesimulator/Permission-LocationAlways\ /Users/macbook/Library/Developer/Xcode/DerivedData/driver-ceoixeulcbtkadctipreagukrovd/Build/Products/Debug-iphonesimulator/Permission-LocationWhenInUse\ /Users/macbook/Library/Developer/Xcode/DerivedData/driver-ceoixeulcbtkadctipreagukrovd/Build/Products/Debug-iphonesimulator/Permission-PhotoLibrary\ /Users/macbook/Library/Developer/Xcode/DerivedData/driver-ceoixeulcbtkadctipreagukrovd/Build/Products/Debug-iphonesimulator/RCT-Folly\ /Users/macbook/Library/Developer/Xcode/DerivedData/driver-ceoixeulcbtkadctipreagukrovd/Build/Products/Debug-iphonesimulator/RCTTypeSafety\ /Users/macbook/Library/Developer/Xcode/DerivedData/driver-ceoixeulcbtkadctipreagukrovd/Build/Products/Debug-iphonesimulator/RNCAsyncStorage\ /Users/macbook/Library/Developer/Xcode/DerivedData/driver-ceoixeulcbtkadctipreagukrovd/Build/Products/Debug-iphonesimulator/RNCMaskedView\ /Users/macbook/Library/Developer/Xcode/DerivedData/driver-ceoixeulcbtkadctipreagukrovd/Build/Products/Debug-iphonesimulator/RNGestureHandler\ /Users/macbook/Library/Developer/Xcode/DerivedData/driver-ceoixeulcbtkadctipreagukrovd/Build/Products/Debug-iphonesimulator/RNImageCropPicker\ /Users/macbook/Library/Developer/Xcode/DerivedData/driver-ceoixeulcbtkadctipreagukrovd/Build/Products/Debug-iphonesimulator/RNPermissions\ /Users/macbook/Library/Developer/Xcode/DerivedData/driver-ceoixeulcbtkadctipreagukrovd/Build/Products/Debug-iphonesimulator/RNSVG\ /Users/macbook/Library/Developer/Xcode/DerivedData/driver-ceoixeulcbtkadctipreagukrovd/Build/Products/Debug-iphonesimulator/RNScreens\ /Users/macbook/Library/Developer/Xcode/DerivedData/driver-ceoixeulcbtkadctipreagukrovd/Build/Products/Debug-iphonesimulator/RNVectorIcons\ /Users/macbook/Library/Developer/Xcode/DerivedData/driver-ceoixeulcbtkadctipreagukrovd/Build/Products/Debug-iphonesimulator/React-Codegen\ /Users/macbook/Library/Developer/Xcode/DerivedData/driver-ceoixeulcbtkadctipreagukrovd/Build/Products/Debug-iphonesimulator/React-Core\ /Users/macbook/Library/Developer/Xcode/DerivedData/driver-ceoixeulcbtkadctipreagukrovd/Build/Products/Debug-iphonesimulator/React-CoreModules\ /Users/macbook/Library/Developer/Xcode/DerivedData/driver-ceoixeulcbtkadctipreagukrovd/Build/Products/Debug-iphonesimulator/React-RCTAnimation\ /Users/macbook/Library/Developer/Xcode/DerivedData/driver-ceoixeulcbtkadctipreagukrovd/Build/Products/Debug-iphonesimulator/React-RCTBlob\ /Users/macbook/Library/Developer/Xcode/DerivedData/driver-ceoixeulcbtkadctipreagukrovd/Build/Products/Debug-iphonesimulator/React-RCTImage\ /Users/macbook/Library/Developer/Xcode/DerivedData/driver-ceoixeulcbtkadctipreagukrovd/Build/Products/Debug-iphonesimulator/React-RCTLinking\ /Users/macbook/Library/Developer/Xcode/DerivedData/driver-ceoixeulcbtkadctipreagukrovd/Build/Products/Debug-iphonesimulator/React-RCTNetwork\ /Users/macbook/Library/Developer/Xcode/DerivedData/driver-ceoixeulcbtkadctipreagukrovd/Build/Products/Debug-iphonesimulator/React-RCTSettings\ /Users/macbook/Library/Developer/Xcode/DerivedData/driver-ceoixeulcbtkadctipreagukrovd/Build/Products/Debug-iphonesimulator/React-RCTText\ /Users/macbook/Library/Developer/Xcode/DerivedData/driver-ceoixeulcbtkadctipreagukrovd/Build/Products/Debug-iphonesimulator/React-RCTVibration\ /Users/macbook/Library/Developer/Xcode/DerivedData/driver-ceoixeulcbtkadctipreagukrovd/Build/Products/Debug-iphonesimulator/React-bridging\ /Users/macbook/Library/Developer/Xcode/DerivedData/driver-ceoixeulcbtkadctipreagukrovd/Build/Products/Debug-iphonesimulator/React-cxxreact\ /Users/macbook/Library/Developer/Xcode/DerivedData/driver-ceoixeulcbtkadctipreagukrovd/Build/Products/Debug-iphonesimulator/React-jsi\ /Users/macbook/Library/Developer/Xcode/DerivedData/driver-ceoixeulcbtkadctipreagukrovd/Build/Products/Debug-iphonesimulator/React-jsiexecutor\ /Users/macbook/Library/Developer/Xcode/DerivedData/driver-ceoixeulcbtkadctipreagukrovd/Build/Products/Debug-iphonesimulator/React-jsinspector\ /Users/macbook/Library/Developer/Xcode/DerivedData/driver-ceoixeulcbtkadctipreagukrovd/Build/Products/Debug-iphonesimulator/React-logger\ /Users/macbook/Library/Developer/Xcode/DerivedData/driver-ceoixeulcbtkadctipreagukrovd/Build/Products/Debug-iphonesimulator/React-perflogger\ /Users/macbook/Library/Developer/Xcode/DerivedData/driver-ceoixeulcbtkadctipreagukrovd/Build/Products/Debug-iphonesimulator/ReactCommon\ /Users/macbook/Library/Developer/Xcode/DerivedData/driver-ceoixeulcbtkadctipreagukrovd/Build/Products/Debug-iphonesimulator/TOCropViewController\ /Users/macbook/Library/Developer/Xcode/DerivedData/driver-ceoixeulcbtkadctipreagukrovd/Build/Products/Debug-iphonesimulator/Yoga\ /Users/macbook/Library/Developer/Xcode/DerivedData/driver-ceoixeulcbtkadctipreagukrovd/Build/Products/Debug-iphonesimulator/fmt\ /Users/macbook/Library/Developer/Xcode/DerivedData/driver-ceoixeulcbtkadctipreagukrovd/Build/Products/Debug-iphonesimulator/glog\ /Users/macbook/Library/Developer/Xcode/DerivedData/driver-ceoixeulcbtkadctipreagukrovd/Build/Products/Debug-iphonesimulator/react-native-google-maps\ /Users/macbook/Library/Developer/Xcode/DerivedData/driver-ceoixeulcbtkadctipreagukrovd/Build/Products/Debug-iphonesimulator/react-native-maps\ /Users/macbook/Library/Developer/Xcode/DerivedData/driver-ceoixeulcbtkadctipreagukrovd/Build/Products/Debug-iphonesimulator/react-native-safe-area-context\ /Applications/Xcode.app/Contents/Developer/Platforms/iPhoneSimulator.platform/Developer/SDKs/iPhoneSimulator15.2.sdk/usr/lib/swift
    export LINKER_DISPLAYS_MANGLED_NAMES\=NO
    export LINK_FILE_LIST_normal_x86_64\=/Users/macbook/Library/Developer/Xcode/DerivedData/driver-ceoixeulcbtkadctipreagukrovd/Build/Intermediates.noindex/driver.build/Debug-iphonesimulator/driver.build/Objects-normal/x86_64/driver.LinkFileList
    export LINK_WITH_STANDARD_LIBRARIES\=YES
    export LLVM_TARGET_TRIPLE_OS_VERSION\=ios12.4
    export LLVM_TARGET_TRIPLE_SUFFIX\=-simulator
    export LLVM_TARGET_TRIPLE_VENDOR\=apple
    export LOCALIZATION_EXPORT_SUPPORTED\=YES
    export LOCALIZED_RESOURCES_FOLDER_PATH\=driver.app/en.lproj
    export LOCALIZED_STRING_MACRO_NAMES\=NSLocalizedString\ CFCopyLocalizedString
    export LOCALIZED_STRING_SWIFTUI_SUPPORT\=YES
    export LOCAL_ADMIN_APPS_DIR\=/Applications/Utilities
    export LOCAL_APPS_DIR\=/Applications
    export LOCAL_DEVELOPER_DIR\=/Library/Developer
    export LOCAL_LIBRARY_DIR\=/Library
    export LOCROOT\=/Users/macbook/Desktop/ads/driver/ios
    export LOCSYMROOT\=/Users/macbook/Desktop/ads/driver/ios
    export MACH_O_TYPE\=mh_execute
    export MAC_OS_X_PRODUCT_BUILD_VERSION\=20G730
    export MAC_OS_X_VERSION_ACTUAL\=110608
    export MAC_OS_X_VERSION_MAJOR\=110000
    export MAC_OS_X_VERSION_MINOR\=110600
    export METAL_LIBRARY_FILE_BASE\=default
    export METAL_LIBRARY_OUTPUT_DIR\=/Users/macbook/Library/Developer/Xcode/DerivedData/driver-ceoixeulcbtkadctipreagukrovd/Build/Products/Debug-iphonesimulator/driver.app
    export MODULES_FOLDER_PATH\=driver.app/Modules
    export MODULE_CACHE_DIR\=/Users/macbook/Library/Developer/Xcode/DerivedData/ModuleCache.noindex
    export MTL_ENABLE_DEBUG_INFO\=YES
    export NATIVE_ARCH\=x86_64
    export NATIVE_ARCH_32_BIT\=i386
    export NATIVE_ARCH_64_BIT\=x86_64
    export NATIVE_ARCH_ACTUAL\=x86_64
    export NO_COMMON\=YES
    export OBJC_ABI_VERSION\=2
    export OBJECT_FILE_DIR\=/Users/macbook/Library/Developer/Xcode/DerivedData/driver-ceoixeulcbtkadctipreagukrovd/Build/Intermediates.noindex/driver.build/Debug-iphonesimulator/driver.build/Objects
    export OBJECT_FILE_DIR_normal\=/Users/macbook/Library/Developer/Xcode/DerivedData/driver-ceoixeulcbtkadctipreagukrovd/Build/Intermediates.noindex/driver.build/Debug-iphonesimulator/driver.build/Objects-normal
    export OBJROOT\=/Users/macbook/Library/Developer/Xcode/DerivedData/driver-ceoixeulcbtkadctipreagukrovd/Build/Intermediates.noindex
    export ONLY_ACTIVE_ARCH\=YES
    export OS\=MACOS
    export OSAC\=/usr/bin/osacompile
    export OTHER_CFLAGS\=\ -fmodule-map-file\=\"/Users/macbook/Library/Developer/Xcode/DerivedData/driver-ceoixeulcbtkadctipreagukrovd/Build/Products/Debug-iphonesimulator/ExpoKeepAwake/ExpoKeepAwake.modulemap\"\ -fmodule-map-file\=\"/Users/macbook/Library/Developer/Xcode/DerivedData/driver-ceoixeulcbtkadctipreagukrovd/Build/Products/Debug-iphonesimulator/ExpoModulesCore/ExpoModulesCore.modulemap\"\ -fmodule-map-file\=\"/Users/macbook/Library/Developer/Xcode/DerivedData/driver-ceoixeulcbtkadctipreagukrovd/Build/Products/Debug-iphonesimulator/Google-Maps-iOS-Utils/GoogleMapsUtils.modulemap\"\ -fmodule-map-file\=\"/Users/macbook/Desktop/ads/driver/ios/Pods/Headers/Public/RCTTypeSafety/RCTTypeSafety.modulemap\"\ -fmodule-map-file\=\"/Users/macbook/Desktop/ads/driver/ios/Pods/Headers/Public/React-Core/React/React-Core.modulemap\"\ -fmodule-map-file\=\"/Users/macbook/Desktop/ads/driver/ios/Pods/Headers/Public/ReactCommon/ReactCommon.modulemap\"\ -fmodule-map-file\=\"/Users/macbook/Desktop/ads/driver/ios/Pods/Headers/Public/React_Codegen/React-Codegen.modulemap\"\ -fmodule-map-file\=\"/Users/macbook/Desktop/ads/driver/ios/Pods/Headers/Public/folly/RCT-Folly.modulemap\"\ -fmodule-map-file\=\"/Users/macbook/Desktop/ads/driver/ios/Pods/Headers/Public/yoga/Yoga.modulemap\"
    export OTHER_CPLUSPLUSFLAGS\=\ -fmodule-map-file\=\"/Users/macbook/Library/Developer/Xcode/DerivedData/driver-ceoixeulcbtkadctipreagukrovd/Build/Products/Debug-iphonesimulator/ExpoKeepAwake/ExpoKeepAwake.modulemap\"\ -fmodule-map-file\=\"/Users/macbook/Library/Developer/Xcode/DerivedData/driver-ceoixeulcbtkadctipreagukrovd/Build/Products/Debug-iphonesimulator/ExpoModulesCore/ExpoModulesCore.modulemap\"\ -fmodule-map-file\=\"/Users/macbook/Library/Developer/Xcode/DerivedData/driver-ceoixeulcbtkadctipreagukrovd/Build/Products/Debug-iphonesimulator/Google-Maps-iOS-Utils/GoogleMapsUtils.modulemap\"\ -fmodule-map-file\=\"/Users/macbook/Desktop/ads/driver/ios/Pods/Headers/Public/RCTTypeSafety/RCTTypeSafety.modulemap\"\ -fmodule-map-file\=\"/Users/macbook/Desktop/ads/driver/ios/Pods/Headers/Public/React-Core/React/React-Core.modulemap\"\ -fmodule-map-file\=\"/Users/macbook/Desktop/ads/driver/ios/Pods/Headers/Public/ReactCommon/ReactCommon.modulemap\"\ -fmodule-map-file\=\"/Users/macbook/Desktop/ads/driver/ios/Pods/Headers/Public/React_Codegen/React-Codegen.modulemap\"\ -fmodule-map-file\=\"/Users/macbook/Desktop/ads/driver/ios/Pods/Headers/Public/folly/RCT-Folly.modulemap\"\ -fmodule-map-file\=\"/Users/macbook/Desktop/ads/driver/ios/Pods/Headers/Public/yoga/Yoga.modulemap\"
    export OTHER_LDFLAGS\=\ -ObjC\ -l\"DoubleConversion\"\ -l\"EXApplication\"\ -l\"EXConstants\"\ -l\"EXErrorRecovery\"\ -l\"EXFont\"\ -l\"Expo\"\ -l\"ExpoKeepAwake\"\ -l\"ExpoModulesCore\"\ -l\"Google-Maps-iOS-Utils\"\ -l\"Permission-Camera\"\ -l\"Permission-LocationAlways\"\ -l\"Permission-LocationWhenInUse\"\ -l\"Permission-PhotoLibrary\"\ -l\"RCT-Folly\"\ -l\"RCTTypeSafety\"\ -l\"RNCAsyncStorage\"\ -l\"RNCMaskedView\"\ -l\"RNGestureHandler\"\ -l\"RNImageCropPicker\"\ -l\"RNPermissions\"\ -l\"RNSVG\"\ -l\"RNScreens\"\ -l\"RNVectorIcons\"\ -l\"React-Codegen\"\ -l\"React-Core\"\ -l\"React-CoreModules\"\ -l\"React-RCTAnimation\"\ -l\"React-RCTBlob\"\ -l\"React-RCTImage\"\ -l\"React-RCTLinking\"\ -l\"React-RCTNetwork\"\ -l\"React-RCTSettings\"\ -l\"React-RCTText\"\ -l\"React-RCTVibration\"\ -l\"React-bridging\"\ -l\"React-cxxreact\"\ -l\"React-jsi\"\ -l\"React-jsiexecutor\"\ -l\"React-jsinspector\"\ -l\"React-logger\"\ -l\"React-perflogger\"\ -l\"ReactCommon\"\ -l\"TOCropViewController\"\ -l\"Yoga\"\ -l\"c++\"\ -l\"c++abi\"\ -l\"fmt\"\ -l\"glog\"\ -l\"react-native-google-maps\"\ -l\"react-native-maps\"\ -l\"react-native-safe-area-context\"\ -l\"z\"\ -framework\ \"Accelerate\"\ -framework\ \"AudioToolbox\"\ -framework\ \"CoreData\"\ -framework\ \"CoreGraphics\"\ -framework\ \"CoreImage\"\ -framework\ \"CoreLocation\"\ -framework\ \"CoreTelephony\"\ -framework\ \"CoreText\"\ -framework\ \"EXFileSystem\"\ -framework\ \"EXLocation\"\ -framework\ \"EXSplashScreen\"\ -framework\ \"GLKit\"\ -framework\ \"GoogleMaps\"\ -framework\ \"GoogleMapsBase\"\ -framework\ \"GoogleMapsCore\"\ -framework\ \"ImageIO\"\ -framework\ \"JavaScriptCore\"\ -framework\ \"Metal\"\ -framework\ \"MobileCoreServices\"\ -framework\ \"OpenGLES\"\ -framework\ \"Photos\"\ -framework\ \"PhotosUI\"\ -framework\ \"QuartzCore\"\ -framework\ \"SystemConfiguration\"\ -framework\ \"UIKit\"\ -ObjC\ -lc++
    export OTHER_SWIFT_FLAGS\=\ -D\ COCOAPODS\ -Xcc\ -fmodule-map-file\=\"/Users/macbook/Library/Developer/Xcode/DerivedData/driver-ceoixeulcbtkadctipreagukrovd/Build/Products/Debug-iphonesimulator/ExpoKeepAwake/ExpoKeepAwake.modulemap\"\ -Xcc\ -fmodule-map-file\=\"/Users/macbook/Library/Developer/Xcode/DerivedData/driver-ceoixeulcbtkadctipreagukrovd/Build/Products/Debug-iphonesimulator/ExpoModulesCore/ExpoModulesCore.modulemap\"\ -Xcc\ -fmodule-map-file\=\"/Users/macbook/Library/Developer/Xcode/DerivedData/driver-ceoixeulcbtkadctipreagukrovd/Build/Products/Debug-iphonesimulator/Google-Maps-iOS-Utils/GoogleMapsUtils.modulemap\"\ -Xcc\ -fmodule-map-file\=\"/Users/macbook/Desktop/ads/driver/ios/Pods/Headers/Public/RCTTypeSafety/RCTTypeSafety.modulemap\"\ -Xcc\ -fmodule-map-file\=\"/Users/macbook/Desktop/ads/driver/ios/Pods/Headers/Public/React-Core/React/React-Core.modulemap\"\ -Xcc\ -fmodule-map-file\=\"/Users/macbook/Desktop/ads/driver/ios/Pods/Headers/Public/ReactCommon/ReactCommon.modulemap\"\ -Xcc\ -fmodule-map-file\=\"/Users/macbook/Desktop/ads/driver/ios/Pods/Headers/Public/React_Codegen/React-Codegen.modulemap\"\ -Xcc\ -fmodule-map-file\=\"/Users/macbook/Desktop/ads/driver/ios/Pods/Headers/Public/folly/RCT-Folly.modulemap\"\ -Xcc\ -fmodule-map-file\=\"/Users/macbook/Desktop/ads/driver/ios/Pods/Headers/Public/yoga/Yoga.modulemap\"\ -D\ EXPO_CONFIGURATION_DEBUG
    export PACKAGE_TYPE\=com.apple.package-type.wrapper.application
    export PASCAL_STRINGS\=YES
    export PATH\=/Applications/Xcode.app/Contents/Developer/Toolchains/XcodeDefault.xctoolchain/usr/bin:/Applications/Xcode.app/Contents/Developer/Toolchains/XcodeDefault.xctoolchain/usr/local/bin:/Applications/Xcode.app/Contents/Developer/Toolchains/XcodeDefault.xctoolchain/usr/libexec:/Applications/Xcode.app/Contents/Developer/Platforms/iPhoneSimulator.platform/usr/bin:/Applications/Xcode.app/Contents/Developer/Platforms/iPhoneSimulator.platform/usr/local/bin:/Applications/Xcode.app/Contents/Developer/Platforms/iPhoneSimulator.platform/Developer/usr/bin:/Applications/Xcode.app/Contents/Developer/Platforms/iPhoneSimulator.platform/Developer/usr/local/bin:/Applications/Xcode.app/Contents/Developer/usr/bin:/Applications/Xcode.app/Contents/Developer/usr/local/bin:/Library/Frameworks/Python.framework/Versions/3.10/bin:/usr/local/bin:/usr/bin:/bin:/usr/sbin:/sbin:/etc/platform-tools:/usr/local/share/dotnet:/Library/Apple/usr/bin:/Library/Frameworks/Mono.framework/Versions/Current/Commands:/Users/macbook/DEVELOPER/flutter/bin:/Users/MacBook/DEVELOPER/flutter/bin:/Applications/Postgres.app/Contents/Versions/14/bin:/tools:/platform-tools
    export PATH_PREFIXES_EXCLUDED_FROM_HEADER_DEPENDENCIES\=/usr/include\ /usr/local/include\ /System/Library/Frameworks\ /System/Library/PrivateFrameworks\ /Applications/Xcode.app/Contents/Developer/Headers\ /Applications/Xcode.app/Contents/Developer/SDKs\ /Applications/Xcode.app/Contents/Developer/Platforms
    export PBDEVELOPMENTPLIST_PATH\=driver.app/pbdevelopment.plist
    export PER_ARCH_OBJECT_FILE_DIR\=/Users/macbook/Library/Developer/Xcode/DerivedData/driver-ceoixeulcbtkadctipreagukrovd/Build/Intermediates.noindex/driver.build/Debug-iphonesimulator/driver.build/Objects-normal/undefined_arch
    export PER_VARIANT_OBJECT_FILE_DIR\=/Users/macbook/Library/Developer/Xcode/DerivedData/driver-ceoixeulcbtkadctipreagukrovd/Build/Intermediates.noindex/driver.build/Debug-iphonesimulator/driver.build/Objects-normal
    export PKGINFO_FILE_PATH\=/Users/macbook/Library/Developer/Xcode/DerivedData/driver-ceoixeulcbtkadctipreagukrovd/Build/Intermediates.noindex/driver.build/Debug-iphonesimulator/driver.build/PkgInfo
    export PKGINFO_PATH\=driver.app/PkgInfo
    export PLATFORM_DEVELOPER_APPLICATIONS_DIR\=/Applications/Xcode.app/Contents/Developer/Platforms/iPhoneSimulator.platform/Developer/Applications
    export PLATFORM_DEVELOPER_BIN_DIR\=/Applications/Xcode.app/Contents/Developer/Platforms/iPhoneSimulator.platform/Developer/usr/bin
    export PLATFORM_DEVELOPER_LIBRARY_DIR\=/Applications/Xcode.app/Contents/Developer/Platforms/iPhoneSimulator.platform/Developer/Library
    export PLATFORM_DEVELOPER_SDK_DIR\=/Applications/Xcode.app/Contents/Developer/Platforms/iPhoneSimulator.platform/Developer/SDKs
    export PLATFORM_DEVELOPER_TOOLS_DIR\=/Applications/Xcode.app/Contents/Developer/Platforms/iPhoneSimulator.platform/Developer/Tools
    export PLATFORM_DEVELOPER_USR_DIR\=/Applications/Xcode.app/Contents/Developer/Platforms/iPhoneSimulator.platform/Developer/usr
    export PLATFORM_DIR\=/Applications/Xcode.app/Contents/Developer/Platforms/iPhoneSimulator.platform
    export PLATFORM_DISPLAY_NAME\=iOS\ Simulator
    export PLATFORM_FAMILY_NAME\=iOS
    export PLATFORM_NAME\=iphonesimulator
    export PLATFORM_PREFERRED_ARCH\=x86_64
    export PLATFORM_PRODUCT_BUILD_VERSION\=19C51
    export PLIST_FILE_OUTPUT_FORMAT\=binary
    export PLUGINS_FOLDER_PATH\=driver.app/PlugIns
    export PODS_BUILD_DIR\=/Users/macbook/Library/Developer/Xcode/DerivedData/driver-ceoixeulcbtkadctipreagukrovd/Build/Products
    export PODS_CONFIGURATION_BUILD_DIR\=/Users/macbook/Library/Developer/Xcode/DerivedData/driver-ceoixeulcbtkadctipreagukrovd/Build/Products/Debug-iphonesimulator
    export PODS_PODFILE_DIR_PATH\=/Users/macbook/Desktop/ads/driver/ios/.
    export PODS_ROOT\=/Users/macbook/Desktop/ads/driver/ios/Pods
    export PODS_XCFRAMEWORKS_BUILD_DIR\=/Users/macbook/Library/Developer/Xcode/DerivedData/driver-ceoixeulcbtkadctipreagukrovd/Build/Products/Debug-iphonesimulator/XCFrameworkIntermediates
    export PRECOMPS_INCLUDE_HEADERS_FROM_BUILT_PRODUCTS_DIR\=YES
    export PRECOMP_DESTINATION_DIR\=/Users/macbook/Library/Developer/Xcode/DerivedData/driver-ceoixeulcbtkadctipreagukrovd/Build/Intermediates.noindex/driver.build/Debug-iphonesimulator/driver.build/PrefixHeaders
    export PRESERVE_DEAD_CODE_INITS_AND_TERMS\=NO
    export PRIVATE_HEADERS_FOLDER_PATH\=driver.app/PrivateHeaders
    export PRODUCT_BUNDLE_IDENTIFIER\=com.bespoke.adoncarz
    export PRODUCT_BUNDLE_PACKAGE_TYPE\=APPL
    export PRODUCT_MODULE_NAME\=driver
    export PRODUCT_NAME\=driver
    export PRODUCT_SETTINGS_PATH\=/Users/macbook/Desktop/ads/driver/ios/driver/Info.plist
    export PRODUCT_TYPE\=com.apple.product-type.application
    export PROFILING_CODE\=NO
    export PROJECT\=driver
    export PROJECT_DERIVED_FILE_DIR\=/Users/macbook/Library/Developer/Xcode/DerivedData/driver-ceoixeulcbtkadctipreagukrovd/Build/Intermediates.noindex/driver.build/DerivedSources
    export PROJECT_DIR\=/Users/macbook/Desktop/ads/driver/ios
    export PROJECT_FILE_PATH\=/Users/macbook/Desktop/ads/driver/ios/driver.xcodeproj
    export PROJECT_NAME\=driver
    export PROJECT_TEMP_DIR\=/Users/macbook/Library/Developer/Xcode/DerivedData/driver-ceoixeulcbtkadctipreagukrovd/Build/Intermediates.noindex/driver.build
    export PROJECT_TEMP_ROOT\=/Users/macbook/Library/Developer/Xcode/DerivedData/driver-ceoixeulcbtkadctipreagukrovd/Build/Intermediates.noindex
    export PUBLIC_HEADERS_FOLDER_PATH\=driver.app/Headers
    export REACT_NATIVE_PATH\=/Users/macbook/Desktop/ads/driver/ios/Pods/../../node_modules/react-native
    export RECURSIVE_SEARCH_PATHS_FOLLOW_SYMLINKS\=YES
    export REMOVE_CVS_FROM_RESOURCES\=YES
    export REMOVE_GIT_FROM_RESOURCES\=YES
    export REMOVE_HEADERS_FROM_EMBEDDED_BUNDLES\=YES
    export REMOVE_HG_FROM_RESOURCES\=YES
    export REMOVE_SVN_FROM_RESOURCES\=YES
    export REZ_COLLECTOR_DIR\=/Users/macbook/Library/Developer/Xcode/DerivedData/driver-ceoixeulcbtkadctipreagukrovd/Build/Intermediates.noindex/driver.build/Debug-iphonesimulator/driver.build/ResourceManagerResources
    export REZ_OBJECTS_DIR\=/Users/macbook/Library/Developer/Xcode/DerivedData/driver-ceoixeulcbtkadctipreagukrovd/Build/Intermediates.noindex/driver.build/Debug-iphonesimulator/driver.build/ResourceManagerResources/Objects
    export REZ_SEARCH_PATHS\=/Users/macbook/Library/Developer/Xcode/DerivedData/driver-ceoixeulcbtkadctipreagukrovd/Build/Products/Debug-iphonesimulator\ 
    export SCAN_ALL_SOURCE_FILES_FOR_INCLUDES\=NO
    export SCRIPTS_FOLDER_PATH\=driver.app/Scripts
    export SCRIPT_INPUT_FILE_COUNT\=0
    export SCRIPT_INPUT_FILE_LIST_COUNT\=0
    export SCRIPT_OUTPUT_FILE_COUNT\=0
    export SCRIPT_OUTPUT_FILE_LIST_COUNT\=0
    export SDKROOT\=/Applications/Xcode.app/Contents/Developer/Platforms/iPhoneSimulator.platform/Developer/SDKs/iPhoneSimulator15.2.sdk
    export SDK_DIR\=/Applications/Xcode.app/Contents/Developer/Platforms/iPhoneSimulator.platform/Developer/SDKs/iPhoneSimulator15.2.sdk
    export SDK_DIR_iphonesimulator\=/Applications/Xcode.app/Contents/Developer/Platforms/iPhoneSimulator.platform/Developer/SDKs/iPhoneSimulator15.2.sdk
    export SDK_DIR_iphonesimulator15_2\=/Applications/Xcode.app/Contents/Developer/Platforms/iPhoneSimulator.platform/Developer/SDKs/iPhoneSimulator15.2.sdk
    export SDK_NAME\=iphonesimulator15.2
    export SDK_NAMES\=iphonesimulator15.2
    export SDK_PRODUCT_BUILD_VERSION\=19C51
    export SDK_VERSION\=15.2
    export SDK_VERSION_ACTUAL\=150200
    export SDK_VERSION_MAJOR\=150000
    export SDK_VERSION_MINOR\=150200
    export SED\=/usr/bin/sed
    export SEPARATE_STRIP\=NO
    export SEPARATE_SYMBOL_EDIT\=NO
    export SET_DIR_MODE_OWNER_GROUP\=YES
    export SET_FILE_MODE_OWNER_GROUP\=NO
    export SHALLOW_BUNDLE\=YES
    export SHARED_DERIVED_FILE_DIR\=/Users/macbook/Library/Developer/Xcode/DerivedData/driver-ceoixeulcbtkadctipreagukrovd/Build/Products/Debug-iphonesimulator/DerivedSources
    export SHARED_FRAMEWORKS_FOLDER_PATH\=driver.app/SharedFrameworks
    export SHARED_PRECOMPS_DIR\=/Users/macbook/Library/Developer/Xcode/DerivedData/driver-ceoixeulcbtkadctipreagukrovd/Build/Intermediates.noindex/PrecompiledHeaders
    export SHARED_SUPPORT_FOLDER_PATH\=driver.app/SharedSupport
    export SKIP_INSTALL\=NO
    export SOURCE_ROOT\=/Users/macbook/Desktop/ads/driver/ios
    export SRCROOT\=/Users/macbook/Desktop/ads/driver/ios
    export STRINGSDATA_DIR\=/Users/macbook/Library/Developer/Xcode/DerivedData/driver-ceoixeulcbtkadctipreagukrovd/Build/Intermediates.noindex/driver.build/Debug-iphonesimulator/driver.build/Objects-normal/undefined_arch
    export STRINGSDATA_ROOT\=/Users/macbook/Library/Developer/Xcode/DerivedData/driver-ceoixeulcbtkadctipreagukrovd/Build/Intermediates.noindex/driver.build/Debug-iphonesimulator/driver.build
    export STRINGS_FILE_INFOPLIST_RENAME\=YES
    export STRINGS_FILE_OUTPUT_ENCODING\=binary
    export STRIP_BITCODE_FROM_COPIED_FILES\=NO
    export STRIP_INSTALLED_PRODUCT\=NO
    export STRIP_STYLE\=all
    export STRIP_SWIFT_SYMBOLS\=YES
    export SUPPORTED_DEVICE_FAMILIES\=1,2
    export SUPPORTED_PLATFORMS\=iphoneos\ iphonesimulator
    export SUPPORTS_TEXT_BASED_API\=NO
    export SWIFT_EMIT_LOC_STRINGS\=NO
    export SWIFT_INCLUDE_PATHS\=\ \"/Users/macbook/Library/Developer/Xcode/DerivedData/driver-ceoixeulcbtkadctipreagukrovd/Build/Products/Debug-iphonesimulator/ExpoKeepAwake\"\ \"/Users/macbook/Library/Developer/Xcode/DerivedData/driver-ceoixeulcbtkadctipreagukrovd/Build/Products/Debug-iphonesimulator/ExpoModulesCore\"\ \"/Users/macbook/Library/Developer/Xcode/DerivedData/driver-ceoixeulcbtkadctipreagukrovd/Build/Products/Debug-iphonesimulator/Google-Maps-iOS-Utils\"
    export SWIFT_OPTIMIZATION_LEVEL\=-Onone
    export SWIFT_PLATFORM_TARGET_PREFIX\=ios
    export SWIFT_RESPONSE_FILE_PATH_normal_x86_64\=/Users/macbook/Library/Developer/Xcode/DerivedData/driver-ceoixeulcbtkadctipreagukrovd/Build/Intermediates.noindex/driver.build/Debug-iphonesimulator/driver.build/Objects-normal/x86_64/driver.SwiftFileList
    export SWIFT_VERSION\=5.0
    export SYMROOT\=/Users/macbook/Library/Developer/Xcode/DerivedData/driver-ceoixeulcbtkadctipreagukrovd/Build/Products
    export SYSTEM_ADMIN_APPS_DIR\=/Applications/Utilities
    export SYSTEM_APPS_DIR\=/Applications
    export SYSTEM_CORE_SERVICES_DIR\=/System/Library/CoreServices
    export SYSTEM_DEMOS_DIR\=/Applications/Extras
    export SYSTEM_DEVELOPER_APPS_DIR\=/Applications/Xcode.app/Contents/Developer/Applications
    export SYSTEM_DEVELOPER_BIN_DIR\=/Applications/Xcode.app/Contents/Developer/usr/bin
    export SYSTEM_DEVELOPER_DEMOS_DIR\=/Applications/Xcode.app/Contents/Developer/Applications/Utilities/Built\ Examples
    export SYSTEM_DEVELOPER_DIR\=/Applications/Xcode.app/Contents/Developer
    export SYSTEM_DEVELOPER_DOC_DIR\=/Applications/Xcode.app/Contents/Developer/ADC\ Reference\ Library
    export SYSTEM_DEVELOPER_GRAPHICS_TOOLS_DIR\=/Applications/Xcode.app/Contents/Developer/Applications/Graphics\ Tools
    export SYSTEM_DEVELOPER_JAVA_TOOLS_DIR\=/Applications/Xcode.app/Contents/Developer/Applications/Java\ Tools
    export SYSTEM_DEVELOPER_PERFORMANCE_TOOLS_DIR\=/Applications/Xcode.app/Contents/Developer/Applications/Performance\ Tools
    export SYSTEM_DEVELOPER_RELEASENOTES_DIR\=/Applications/Xcode.app/Contents/Developer/ADC\ Reference\ Library/releasenotes
    export SYSTEM_DEVELOPER_TOOLS\=/Applications/Xcode.app/Contents/Developer/Tools
    export SYSTEM_DEVELOPER_TOOLS_DOC_DIR\=/Applications/Xcode.app/Contents/Developer/ADC\ Reference\ Library/documentation/DeveloperTools
    export SYSTEM_DEVELOPER_TOOLS_RELEASENOTES_DIR\=/Applications/Xcode.app/Contents/Developer/ADC\ Reference\ Library/releasenotes/DeveloperTools
    export SYSTEM_DEVELOPER_USR_DIR\=/Applications/Xcode.app/Contents/Developer/usr
    export SYSTEM_DEVELOPER_UTILITIES_DIR\=/Applications/Xcode.app/Contents/Developer/Applications/Utilities
    export SYSTEM_DEXT_INSTALL_PATH\=/System/Library/DriverExtensions
    export SYSTEM_DOCUMENTATION_DIR\=/Library/Documentation
    export SYSTEM_KEXT_INSTALL_PATH\=/System/Library/Extensions
    export SYSTEM_LIBRARY_DIR\=/System/Library
    export TAPI_VERIFY_MODE\=ErrorsOnly
    export TARGETED_DEVICE_FAMILY\=1,2
    export TARGETNAME\=driver
    export TARGET_BUILD_DIR\=/Users/macbook/Library/Developer/Xcode/DerivedData/driver-ceoixeulcbtkadctipreagukrovd/Build/Products/Debug-iphonesimulator
    export TARGET_DEVICE_IDENTIFIER\=E0E2680C-5774-4819-BF87-EFC4CED215C1
    export TARGET_DEVICE_MODEL\=iPhone14,2
    export TARGET_DEVICE_OS_VERSION\=15.2
    export TARGET_DEVICE_PLATFORM_NAME\=iphonesimulator
    export TARGET_NAME\=driver
    export TARGET_TEMP_DIR\=/Users/macbook/Library/Developer/Xcode/DerivedData/driver-ceoixeulcbtkadctipreagukrovd/Build/Intermediates.noindex/driver.build/Debug-iphonesimulator/driver.build
    export TEMP_DIR\=/Users/macbook/Library/Developer/Xcode/DerivedData/driver-ceoixeulcbtkadctipreagukrovd/Build/Intermediates.noindex/driver.build/Debug-iphonesimulator/driver.build
    export TEMP_FILES_DIR\=/Users/macbook/Library/Developer/Xcode/DerivedData/driver-ceoixeulcbtkadctipreagukrovd/Build/Intermediates.noindex/driver.build/Debug-iphonesimulator/driver.build
    export TEMP_FILE_DIR\=/Users/macbook/Library/Developer/Xcode/DerivedData/driver-ceoixeulcbtkadctipreagukrovd/Build/Intermediates.noindex/driver.build/Debug-iphonesimulator/driver.build
    export TEMP_ROOT\=/Users/macbook/Library/Developer/Xcode/DerivedData/driver-ceoixeulcbtkadctipreagukrovd/Build/Intermediates.noindex
    export TEST_FRAMEWORK_SEARCH_PATHS\=\ /Applications/Xcode.app/Contents/Developer/Platforms/iPhoneSimulator.platform/Developer/Library/Frameworks\ /Applications/Xcode.app/Contents/Developer/Platforms/iPhoneSimulator.platform/Developer/SDKs/iPhoneSimulator15.2.sdk/Developer/Library/Frameworks
    export TEST_LIBRARY_SEARCH_PATHS\=\ /Applications/Xcode.app/Contents/Developer/Platforms/iPhoneSimulator.platform/Developer/usr/lib
    export TOOLCHAINS\=com.apple.dt.toolchain.XcodeDefault
    export TOOLCHAIN_DIR\=/Applications/Xcode.app/Contents/Developer/Toolchains/XcodeDefault.xctoolchain
    export TREAT_MISSING_BASELINES_AS_TEST_FAILURES\=NO
    export TeamIdentifierPrefix\=FAKETEAMID.
    export UID\=501
    export UNLOCALIZED_RESOURCES_FOLDER_PATH\=driver.app
    export UNSTRIPPED_PRODUCT\=NO
    export USER\=macbook
    export USER_APPS_DIR\=/Users/macbook/Applications
    export USER_LIBRARY_DIR\=/Users/macbook/Library
    export USE_DYNAMIC_NO_PIC\=YES
    export USE_HEADERMAP\=YES
    export USE_HEADER_SYMLINKS\=NO
    export USE_LLVM_TARGET_TRIPLES\=YES
    export USE_LLVM_TARGET_TRIPLES_FOR_CLANG\=YES
    export USE_LLVM_TARGET_TRIPLES_FOR_LD\=YES
    export USE_LLVM_TARGET_TRIPLES_FOR_TAPI\=YES
    export USE_RECURSIVE_SCRIPT_INPUTS_IN_SCRIPT_PHASES\=YES
    export VALIDATE_DEVELOPMENT_ASSET_PATHS\=YES_ERROR
    export VALIDATE_PRODUCT\=NO
    export VALIDATE_WORKSPACE\=YES_ERROR
    export VALID_ARCHS\=arm64\ arm64e\ i386\ x86_64
    export VERBOSE_PBXCP\=NO
    export VERSIONING_SYSTEM\=apple-generic
    export VERSIONPLIST_PATH\=driver.app/version.plist
    export VERSION_INFO_BUILDER\=macbook
    export VERSION_INFO_FILE\=driver_vers.c
    export VERSION_INFO_STRING\=\"@\(\#\)PROGRAM:driver\ \ PROJECT:driver-1\"
    export WRAPPER_EXTENSION\=app
    export WRAPPER_NAME\=driver.app
    export WRAPPER_SUFFIX\=.app
    export WRAP_ASSET_PACKS_IN_SEPARATE_DIRECTORIES\=NO
    export XCODE_APP_SUPPORT_DIR\=/Applications/Xcode.app/Contents/Developer/Library/Xcode
    export XCODE_PRODUCT_BUILD_VERSION\=13C100
    export XCODE_VERSION_ACTUAL\=1321
    export XCODE_VERSION_MAJOR\=1300
    export XCODE_VERSION_MINOR\=1320
    export XPCSERVICES_FOLDER_PATH\=driver.app/XPCServices
    export YACC\=yacc
    export arch\=undefined_arch
    export variant\=normal
    /bin/sh -c /Users/macbook/Library/Developer/Xcode/DerivedData/driver-ceoixeulcbtkadctipreagukrovd/Build/Intermediates.noindex/driver.build/Debug-iphonesimulator/driver.build/Script-00DD1BFF1BD5951E006B06BC.sh
+ DEST=/Users/macbook/Library/Developer/Xcode/DerivedData/driver-ceoixeulcbtkadctipreagukrovd/Build/Products/Debug-iphonesimulator/driver.app
+ [[ Debug = *Debug* ]]
+ [[ ! iphonesimulator == *simulator ]]
+ [[ -n 1 ]]
+ echo 'SKIP_BUNDLING enabled; skipping.'
SKIP_BUNDLING enabled; skipping.
+ exit 0

PhaseScriptExecution [CP]\ Copy\ Pods\ Resources /Users/macbook/Library/Developer/Xcode/DerivedData/driver-ceoixeulcbtkadctipreagukrovd/Build/Intermediates.noindex/driver.build/Debug-iphonesimulator/driver.build/Script-800E24972A6A228C8D4807E9.sh (in target 'driver' from project 'driver')
    cd /Users/macbook/Desktop/ads/driver/ios
    /bin/sh -c /Users/macbook/Library/Developer/Xcode/DerivedData/driver-ceoixeulcbtkadctipreagukrovd/Build/Intermediates.noindex/driver.build/Debug-iphonesimulator/driver.build/Script-800E24972A6A228C8D4807E9.sh
/Users/macbook/Library/Developer/Xcode/DerivedData/driver-ceoixeulcbtkadctipreagukrovd/Build/Products/Debug-iphonesimulator/EXConstants/EXConstants.bundle
/Users/macbook/Desktop/ads/driver/ios/Pods/GoogleMaps/Maps/Frameworks/GoogleMaps.framework/Resources/GoogleMaps.bundle
/Users/macbook/Library/Developer/Xcode/DerivedData/driver-ceoixeulcbtkadctipreagukrovd/Build/Products/Debug-iphonesimulator/RNImageCropPicker/QBImagePicker.bundle
/Users/macbook/Desktop/ads/driver/ios/Pods/../../node_modules/react-native-vector-icons/Fonts/AntDesign.ttf
/Users/macbook/Desktop/ads/driver/ios/Pods/../../node_modules/react-native-vector-icons/Fonts/Entypo.ttf
/Users/macbook/Desktop/ads/driver/ios/Pods/../../node_modules/react-native-vector-icons/Fonts/EvilIcons.ttf
/Users/macbook/Desktop/ads/driver/ios/Pods/../../node_modules/react-native-vector-icons/Fonts/Feather.ttf
/Users/macbook/Desktop/ads/driver/ios/Pods/../../node_modules/react-native-vector-icons/Fonts/FontAwesome.ttf
/Users/macbook/Desktop/ads/driver/ios/Pods/../../node_modules/react-native-vector-icons/Fonts/FontAwesome5_Brands.ttf
/Users/macbook/Desktop/ads/driver/ios/Pods/../../node_modules/react-native-vector-icons/Fonts/FontAwesome5_Regular.ttf
/Users/macbook/Desktop/ads/driver/ios/Pods/../../node_modules/react-native-vector-icons/Fonts/FontAwesome5_Solid.ttf
/Users/macbook/Desktop/ads/driver/ios/Pods/../../node_modules/react-native-vector-icons/Fonts/Fontisto.ttf
/Users/macbook/Desktop/ads/driver/ios/Pods/../../node_modules/react-native-vector-icons/Fonts/Foundation.ttf
/Users/macbook/Desktop/ads/driver/ios/Pods/../../node_modules/react-native-vector-icons/Fonts/Ionicons.ttf
/Users/macbook/Desktop/ads/driver/ios/Pods/../../node_modules/react-native-vector-icons/Fonts/MaterialCommunityIcons.ttf
/Users/macbook/Desktop/ads/driver/ios/Pods/../../node_modules/react-native-vector-icons/Fonts/MaterialIcons.ttf
/Users/macbook/Desktop/ads/driver/ios/Pods/../../node_modules/react-native-vector-icons/Fonts/Octicons.ttf
/Users/macbook/Desktop/ads/driver/ios/Pods/../../node_modules/react-native-vector-icons/Fonts/SimpleLineIcons.ttf
/Users/macbook/Desktop/ads/driver/ios/Pods/../../node_modules/react-native-vector-icons/Fonts/Zocial.ttf
/Users/macbook/Library/Developer/Xcode/DerivedData/driver-ceoixeulcbtkadctipreagukrovd/Build/Products/Debug-iphonesimulator/React-Core/AccessibilityResources.bundle
/Users/macbook/Library/Developer/Xcode/DerivedData/driver-ceoixeulcbtkadctipreagukrovd/Build/Products/Debug-iphonesimulator/TOCropViewController/TOCropViewControllerBundle.bundle
building file list ... done
EXConstants.bundle/app.config

sent 10708 bytes  received 42 bytes  21500.00 bytes/sec
total size is 4702050  speedup is 437.40

CodeSign /Users/macbook/Library/Developer/Xcode/DerivedData/driver-ceoixeulcbtkadctipreagukrovd/Build/Products/Debug-iphonesimulator/driver.app (in target 'driver' from project 'driver')
    cd /Users/macbook/Desktop/ads/driver/ios
    export CODESIGN_ALLOCATE\=/Applications/Xcode.app/Contents/Developer/Toolchains/XcodeDefault.xctoolchain/usr/bin/codesign_allocate
    
    Signing Identity:     "-"
    
    /usr/bin/codesign --force --sign - --entitlements /Users/macbook/Library/Developer/Xcode/DerivedData/driver-ceoixeulcbtkadctipreagukrovd/Build/Intermediates.noindex/driver.build/Debug-iphonesimulator/driver.build/driver.app.xcent --timestamp\=none --generate-entitlement-der /Users/macbook/Library/Developer/Xcode/DerivedData/driver-ceoixeulcbtkadctipreagukrovd/Build/Products/Debug-iphonesimulator/driver.app
/Users/macbook/Library/Developer/Xcode/DerivedData/driver-ceoixeulcbtkadctipreagukrovd/Build/Products/Debug-iphonesimulator/driver.app: replacing existing signature

** BUILD SUCCEEDED **

